[0922/013437:ERROR:process_info.cc(608)] range at 0xb789339000000000, size 0x22e fully unreadable
[0922/013437:ERROR:process_info.cc(608)] range at 0xb78933f000000000, size 0x22e fully unreadable
[0922/013437:ERROR:process_info.cc(608)] range at 0x0, size 0x22e fully unreadable
[0922/013437:ERROR:process_reader_win.cc(233)] ReadMemory at 0x7ffe1dc636cc of 36 bytes failed: Only part of a ReadProcessMemory or WriteProcessMemory request was completed. (0x12B)
[0922/013437:WARNING:pe_image_reader.cc(155)] could not read debug directory from C:\WINDOWS\system32\apphelp.dll
[0922/013437:ERROR:process_reader_win.cc(233)] ReadMemory at 0x7ffe20b60000 of 64 bytes failed: Only part of a ReadProcessMemory or WriteProcessMemory request was completed. (0x12B)
[0922/013437:WARNING:pe_image_reader.cc(281)] could not read dos header from C:\WINDOWS\system32\msvcrt.dll
[0922/013437:ERROR:process_reader_win.cc(233)] ReadMemory at 0x7ffe23640000 of 64 bytes failed: Only part of a ReadProcessMemory or WriteProcessMemory request was completed. (0x12B)
[0922/013437:WARNING:pe_image_reader.cc(281)] could not read dos header from C:\WINDOWS\system32\RPCRT4.dll
[0922/013437:ERROR:process_reader_win.cc(233)] ReadMemory at 0x7ffe221c0000 of 64 bytes failed: Only part of a ReadProcessMemory or WriteProcessMemory request was completed. (0x12B)
[0922/013437:WARNING:pe_image_reader.cc(281)] could not read dos header from C:\WINDOWS\system32\sechost.dll
[0922/013437:ERROR:process_reader_win.cc(233)] ReadMemory at 0x7ffe22220000 of 64 bytes failed: Only part of a ReadProcessMemory or WriteProcessMemory request was completed. (0x12B)
[0922/013437:WARNING:pe_image_reader.cc(281)] could not read dos header from C:\WINDOWS\system32\ADVAPI32.dll
[0922/013437:ERROR:process_reader_win.cc(233)] ReadMemory at 0x7ffe201b0000 of 64 bytes failed: Only part of a ReadProcessMemory or WriteProcessMemory request was completed. (0x12B)
[0922/013437:WARNING:pe_image_reader.cc(281)] could not read dos header from C:\WINDOWS\system32\bcryptPrimitives.dll
[0922/013437:ERROR:process_reader_win.cc(233)] ReadMemory at 0x7ffe1f510000 of 64 bytes failed: Only part of a ReadProcessMemory or WriteProcessMemory request was completed. (0x12B)
[0922/013437:WARNING:pe_image_reader.cc(281)] could not read dos header from C:\WINDOWS\SYSTEM32\CRYPTBASE.DLL
[0922/013437:ERROR:process_reader_win.cc(233)] ReadMemory at 0x7ffdfa3a0000 of 64 bytes failed: Only part of a ReadProcessMemory or WriteProcessMemory request was completed. (0x12B)
[0922/013437:WARNING:pe_image_reader.cc(281)] could not read dos header from C:\Program Files (x86)\Google\Chrome\Application\53.0.2785.116\chrome_elf.dll
[0922/013437:ERROR:process_reader_win.cc(233)] ReadMemory at 0x7ffe1e410000 of 64 bytes failed: Only part of a ReadProcessMemory or WriteProcessMemory request was completed. (0x12B)
[0922/013437:WARNING:pe_image_reader.cc(281)] could not read dos header from C:\WINDOWS\SYSTEM32\VERSION.dll
[0922/013437:ERROR:process_reader_win.cc(233)] ReadMemory at 0x7ffe1fe10000 of 64 bytes failed: Only part of a ReadProcessMemory or WriteProcessMemory request was completed. (0x12B)
[0922/013437:WARNING:pe_image_reader.cc(281)] could not read dos header from C:\WINDOWS\system32\cfgmgr32.dll
[0922/013437:ERROR:process_reader_win.cc(233)] ReadMemory at 0x7ffe1d450000 of 64 bytes failed: Only part of a ReadProcessMemory or WriteProcessMemory request was completed. (0x12B)
[0922/013437:WARNING:pe_image_reader.cc(281)] could not read dos header from C:\WINDOWS\SYSTEM32\WINMMBASE.dll
[0922/013437:ERROR:process_reader_win.cc(233)] ReadMemory at 0x7ffe22b20000 of 64 bytes failed: Only part of a ReadProcessMemory or WriteProcessMemory request was completed. (0x12B)
[0922/013437:WARNING:pe_image_reader.cc(281)] could not read dos header from C:\WINDOWS\system32\GDI32.dll
[0922/013437:ERROR:process_reader_win.cc(233)] ReadMemory at 0x7ffe22740000 of 64 bytes failed: Only part of a ReadProcessMemory or WriteProcessMemory request was completed. (0x12B)
[0922/013437:WARNING:pe_image_reader.cc(281)] could not read dos header from C:\WINDOWS\system32\USER32.dll
[0922/013437:ERROR:process_reader_win.cc(233)] ReadMemory at 0x7ffe22700000 of 64 bytes failed: Only part of a ReadProcessMemory or WriteProcessMemory request was completed. (0x12B)
[0922/013437:WARNING:pe_image_reader.cc(281)] could not read dos header from C:\WINDOWS\system32\IMM32.DLL
[0922/013437:ERROR:process_reader_win.cc(233)] ReadMemory at 0x7ffe1d4f0000 of 64 bytes failed: Only part of a ReadProcessMemory or WriteProcessMemory request was completed. (0x12B)
[0922/013437:WARNING:pe_image_reader.cc(281)] could not read dos header from C:\WINDOWS\SYSTEM32\WINMM.dll
[0922/013437:ERROR:process_reader_win.cc(233)] ReadMemory at 0x7ffe1fd80000 of 64 bytes failed: Only part of a ReadProcessMemory or WriteProcessMemory request was completed. (0x12B)
[0922/013437:WARNING:pe_image_reader.cc(281)] could not read dos header from C:\WINDOWS\system32\profapi.dll
[0922/013437:ERROR:process_reader_win.cc(233)] ReadMemory at 0x7ffe1f1d0000 of 64 bytes failed: Only part of a ReadProcessMemory or WriteProcessMemory request was completed. (0x12B)
[0922/013437:WARNING:pe_image_reader.cc(281)] could not read dos header from C:\WINDOWS\SYSTEM32\USERENV.dll
[0922/013437:ERROR:process_reader_win.cc(233)] ReadMemory at 0x7ffe1dc90000 of 64 bytes failed: Only part of a ReadProcessMemory or WriteProcessMemory request was completed. (0x12B)
[0922/013437:WARNING:pe_image_reader.cc(281)] could not read dos header from C:\WINDOWS\SYSTEM32\WTSAPI32.dll
[0922/013437:ERROR:process_reader_win.cc(233)] ReadMemory at 0x7ffe12d20000 of 64 bytes failed: Only part of a ReadProcessMemory or WriteProcessMemory request was completed. (0x12B)
[0922/013437:WARNING:pe_image_reader.cc(281)] could not read dos header from C:\WINDOWS\SYSTEM32\WINHTTP.dll
[0922/013437:ERROR:process_reader_win.cc(233)] ReadMemory at 0x7ffe228a0000 of 64 bytes failed: Only part of a ReadProcessMemory or WriteProcessMemory request was completed. (0x12B)
[0922/013437:WARNING:pe_image_reader.cc(281)] could not read dos header from C:\WINDOWS\system32\combase.dll
[0922/013437:ERROR:process_reader_win.cc(233)] ReadMemory at 0x7ffe230c0000 of 64 bytes failed: Only part of a ReadProcessMemory or WriteProcessMemory request was completed. (0x12B)
[0922/013437:WARNING:pe_image_reader.cc(281)] could not read dos header from C:\WINDOWS\system32\shlwapi.dll
[0922/013437:ERROR:process_reader_win.cc(233)] ReadMemory at 0x7ffe1fda0000 of 64 bytes failed: Only part of a ReadProcessMemory or WriteProcessMemory request was completed. (0x12B)
[0922/013437:WARNING:pe_image_reader.cc(281)] could not read dos header from C:\WINDOWS\system32\kernel.appcore.dll
[0922/013437:ERROR:process_reader_win.cc(233)] ReadMemory at 0x7ffe20220000 of 64 bytes failed: Only part of a ReadProcessMemory or WriteProcessMemory request was completed. (0x12B)
[0922/013437:WARNING:pe_image_reader.cc(281)] could not read dos header from C:\WINDOWS\system32\shcore.dll
[0922/013437:ERROR:process_reader_win.cc(233)] ReadMemory at 0x7ffe1fdc0000 of 64 bytes failed: Only part of a ReadProcessMemory or WriteProcessMemory request was completed. (0x12B)
[0922/013437:WARNING:pe_image_reader.cc(281)] could not read dos header from C:\WINDOWS\system32\powrprof.dll
[0922/013437:ERROR:process_reader_win.cc(233)] ReadMemory at 0x7ffe20340000 of 64 bytes failed: Only part of a ReadProcessMemory or WriteProcessMemory request was completed. (0x12B)
[0922/013437:WARNING:pe_image_reader.cc(281)] could not read dos header from C:\WINDOWS\system32\windows.storage.dll
[0922/013437:ERROR:process_reader_win.cc(233)] ReadMemory at 0x7ffe20c60000 of 64 bytes failed: Only part of a ReadProcessMemory or WriteProcessMemory request was completed. (0x12B)
[0922/013437:WARNING:pe_image_reader.cc(281)] could not read dos header from C:\WINDOWS\system32\SHELL32.dll
[0922/013437:ERROR:process_reader_win.cc(233)] ReadMemory at 0x7ffe23450000 of 64 bytes failed: Only part of a ReadProcessMemory or WriteProcessMemory request was completed. (0x12B)
[0922/013437:WARNING:pe_image_reader.cc(281)] could not read dos header from C:\WINDOWS\system32\PSAPI.DLL
[0922/013437:ERROR:process_reader_win.cc(233)] ReadMemory at 0x7ffe1fc10000 of 64 bytes failed: Only part of a ReadProcessMemory or WriteProcessMemory request was completed. (0x12B)
[0922/013437:WARNING:pe_image_reader.cc(281)] could not read dos header from C:\WINDOWS\SYSTEM32\bcrypt.dll
[0922/013437:ERROR:process_reader_win.cc(233)] ReadMemory at 0x7ffe19d70000 of 64 bytes failed: Only part of a ReadProcessMemory or WriteProcessMemory request was completed. (0x12B)
[0922/013437:WARNING:pe_image_reader.cc(281)] could not read dos header from C:\WINDOWS\SYSTEM32\WINSPOOL.DRV
[0922/013437:ERROR:process_reader_win.cc(233)] ReadMemory at 0x7ffe1abc0000 of 64 bytes failed: Only part of a ReadProcessMemory or WriteProcessMemory request was completed. (0x12B)
[0922/013437:WARNING:pe_image_reader.cc(281)] could not read dos header from C:\WINDOWS\WinSxS\amd64_microsoft.windows.common-controls_6595b64144ccf1df_6.0.10586.589_none_a2ddb3caa539acce\COMCTL32.dll
[0922/013437:ERROR:process_reader_win.cc(233)] ReadMemory at 0x7ffe20050000 of 64 bytes failed: Only part of a ReadProcessMemory or WriteProcessMemory request was completed. (0x12B)
[0922/013437:WARNING:pe_image_reader.cc(281)] could not read dos header from C:\WINDOWS\system32\FirewallAPI.dll
[0922/013437:ERROR:process_reader_win.cc(233)] ReadMemory at 0x7ffe1e190000 of 64 bytes failed: Only part of a ReadProcessMemory or WriteProcessMemory request was completed. (0x12B)
[0922/013437:WARNING:pe_image_reader.cc(281)] could not read dos header from C:\WINDOWS\system32\fwbase.dll
[0922/013437:ERROR:process_reader_win.cc(233)] ReadMemory at 0x7ffe20190000 of 64 bytes failed: Only part of a ReadProcessMemory or WriteProcessMemory request was completed. (0x12B)
[0922/013437:WARNING:pe_image_reader.cc(281)] could not read dos header from C:\WINDOWS\system32\NETAPI32.dll
[0922/013437:ERROR:process_reader_win.cc(233)] ReadMemory at 0x7ffe19e70000 of 64 bytes failed: Only part of a ReadProcessMemory or WriteProcessMemory request was completed. (0x12B)
[0922/013437:WARNING:pe_image_reader.cc(281)] could not read dos header from C:\WINDOWS\SYSTEM32\DAVHLPR.DLL
[0922/013437:ERROR:process_reader_win.cc(233)] ReadMemory at 0x7ffe23340000 of 64 bytes failed: Only part of a ReadProcessMemory or WriteProcessMemory request was completed. (0x12B)
[0922/013437:WARNING:pe_image_reader.cc(281)] could not read dos header from C:\WINDOWS\system32\COMDLG32.dll
[0922/013437:ERROR:process_reader_win.cc(233)] ReadMemory at 0x7ffe23120000 of 64 bytes failed: Only part of a ReadProcessMemory or WriteProcessMemory request was completed. (0x12B)
[0922/013437:WARNING:pe_image_reader.cc(281)] could not read dos header from C:\WINDOWS\system32\ole32.dll
[0922/013437:ERROR:process_reader_win.cc(233)] ReadMemory at 0x7ffe23270000 of 64 bytes failed: Only part of a ReadProcessMemory or WriteProcessMemory request was completed. (0x12B)
[0922/013437:WARNING:pe_image_reader.cc(281)] could not read dos header from C:\WINDOWS\system32\OLEAUT32.dll
[0922/013437:ERROR:process_reader_win.cc(233)] ReadMemory at 0x7ffe19950000 of 64 bytes failed: Only part of a ReadProcessMemory or WriteProcessMemory request was completed. (0x12B)
[0922/013437:WARNING:pe_image_reader.cc(281)] could not read dos header from C:\WINDOWS\SYSTEM32\IPHLPAPI.DLL
[0922/013437:ERROR:process_reader_win.cc(233)] ReadMemory at 0x7ffe22fe0000 of 64 bytes failed: Only part of a ReadProcessMemory or WriteProcessMemory request was completed. (0x12B)
[0922/013437:WARNING:pe_image_reader.cc(281)] could not read dos header from C:\WINDOWS\system32\WS2_32.dll
[0922/013437:ERROR:process_reader_win.cc(233)] ReadMemory at 0x7ffe15550000 of 64 bytes failed: Only part of a ReadProcessMemory or WriteProcessMemory request was completed. (0x12B)
[0922/013437:WARNING:pe_image_reader.cc(281)] could not read dos header from C:\WINDOWS\SYSTEM32\USP10.dll
[0922/013437:ERROR:process_reader_win.cc(233)] ReadMemory at 0x7ffe1fdb0000 of 64 bytes failed: Only part of a ReadProcessMemory or WriteProcessMemory request was completed. (0x12B)
[0922/013437:WARNING:pe_image_reader.cc(281)] could not read dos header from C:\WINDOWS\system32\MSASN1.dll
[0922/013437:ERROR:process_reader_win.cc(233)] ReadMemory at 0x7ffe20990000 of 64 bytes failed: Only part of a ReadProcessMemory or WriteProcessMemory request was completed. (0x12B)
[0922/013437:WARNING:pe_image_reader.cc(281)] could not read dos header from C:\WINDOWS\system32\CRYPT32.dll
[0922/013437:ERROR:process_reader_win.cc(233)] ReadMemory at 0x7ffe202e0000 of 64 bytes failed: Only part of a ReadProcessMemory or WriteProcessMemory request was completed. (0x12B)
[0922/013437:WARNING:pe_image_reader.cc(281)] could not read dos header from C:\WINDOWS\system32\WINTRUST.dll
[0922/013437:ERROR:process_reader_win.cc(233)] ReadMemory at 0x7ffe1e420000 of 64 bytes failed: Only part of a ReadProcessMemory or WriteProcessMemory request was completed. (0x12B)
[0922/013437:WARNING:pe_image_reader.cc(281)] could not read dos header from C:\WINDOWS\SYSTEM32\Secur32.dll
[0922/013437:ERROR:process_reader_win.cc(233)] ReadMemory at 0x7ffe1f740000 of 64 bytes failed: Only part of a ReadProcessMemory or WriteProcessMemory request was completed. (0x12B)
[0922/013437:WARNING:pe_image_reader.cc(281)] could not read dos header from C:\WINDOWS\SYSTEM32\SSPICLI.DLL
[0922/013437:ERROR:process_reader_win.cc(233)] ReadMemory at 0x7ffdedb00000 of 64 bytes failed: Only part of a ReadProcessMemory or WriteProcessMemory request was completed. (0x12B)
[0922/013437:WARNING:pe_image_reader.cc(281)] could not read dos header from C:\Program Files (x86)\Google\Chrome\Application\53.0.2785.116\chrome_child.dll
[0922/013437:ERROR:process_reader_win.cc(233)] ReadMemory at 0x7ffe11050000 of 64 bytes failed: Only part of a ReadProcessMemory or WriteProcessMemory request was completed. (0x12B)
[0922/013437:WARNING:pe_image_reader.cc(281)] could not read dos header from C:\WINDOWS\SYSTEM32\dwrite.dll
[0922/013437:ERROR:process_reader_win.cc(233)] ReadMemory at 0x7ffe238a5340 of 6656 bytes failed: Only part of a ReadProcessMemory or WriteProcessMemory request was completed. (0x12B)
[0922/013437:ERROR:process_reader_win.cc(233)] ReadMemory at 0x7ff689fb0000 of 64 bytes failed: Only part of a ReadProcessMemory or WriteProcessMemory request was completed. (0x12B)
[0922/013437:WARNING:pe_image_reader.cc(281)] could not read dos header from C:\Program Files (x86)\Google\Chrome\Application\chrome.exe
[0922/013437:ERROR:process_reader_win.cc(233)] ReadMemory at 0x7ffe23760000 of 64 bytes failed: Only part of a ReadProcessMemory or WriteProcessMemory request was completed. (0x12B)
[0922/013437:WARNING:pe_image_reader.cc(281)] could not read dos header from C:\WINDOWS\SYSTEM32\ntdll.dll
[0922/013437:ERROR:process_reader_win.cc(233)] ReadMemory at 0x7ffe1fe60000 of 64 bytes failed: Only part of a ReadProcessMemory or WriteProcessMemory request was completed. (0x12B)
[0922/013437:WARNING:pe_image_reader.cc(281)] could not read dos header from C:\WINDOWS\system32\KERNELBASE.dll
[0922/013437:ERROR:process_reader_win.cc(233)] ReadMemory at 0x7ffe23480000 of 64 bytes failed: Only part of a ReadProcessMemory or WriteProcessMemory request was completed. (0x12B)
[0922/013437:WARNING:pe_image_reader.cc(281)] could not read dos header from C:\WINDOWS\system32\KERNEL32.DLL
[0922/013437:ERROR:process_reader_win.cc(233)] ReadMemory at 0x7ffe1dc10000 of 64 bytes failed: Only part of a ReadProcessMemory or WriteProcessMemory request was completed. (0x12B)
[0922/013437:WARNING:pe_image_reader.cc(281)] could not read dos header from C:\WINDOWS\system32\apphelp.dll
[0922/013437:ERROR:process_reader_win.cc(233)] ReadMemory at 0x7ffe20b60000 of 64 bytes failed: Only part of a ReadProcessMemory or WriteProcessMemory request was completed. (0x12B)
[0922/013437:WARNING:pe_image_reader.cc(281)] could not read dos header from C:\WINDOWS\system32\msvcrt.dll
[0922/013437:ERROR:process_reader_win.cc(233)] ReadMemory at 0x7ffe23640000 of 64 bytes failed: Only part of a ReadProcessMemory or WriteProcessMemory request was completed. (0x12B)
[0922/013437:WARNING:pe_image_reader.cc(281)] could not read dos header from C:\WINDOWS\system32\RPCRT4.dll
[0922/013437:ERROR:process_reader_win.cc(233)] ReadMemory at 0x7ffe221c0000 of 64 bytes failed: Only part of a ReadProcessMemory or WriteProcessMemory request was completed. (0x12B)
[0922/013437:WARNING:pe_image_reader.cc(281)] could not read dos header from C:\WINDOWS\system32\sechost.dll
[0922/013437:ERROR:process_reader_win.cc(233)] ReadMemory at 0x7ffe22220000 of 64 bytes failed: Only part of a ReadProcessMemory or WriteProcessMemory request was completed. (0x12B)
[0922/013437:WARNING:pe_image_reader.cc(281)] could not read dos header from C:\WINDOWS\system32\ADVAPI32.dll
[0922/013437:ERROR:process_reader_win.cc(233)] ReadMemory at 0x7ffe201b0000 of 64 bytes failed: Only part of a ReadProcessMemory or WriteProcessMemory request was completed. (0x12B)
[0922/013437:WARNING:pe_image_reader.cc(281)] could not read dos header from C:\WINDOWS\system32\bcryptPrimitives.dll
[0922/013437:ERROR:process_reader_win.cc(233)] ReadMemory at 0x7ffe1f510000 of 64 bytes failed: Only part of a ReadProcessMemory or WriteProcessMemory request was completed. (0x12B)
[0922/013437:WARNING:pe_image_reader.cc(281)] could not read dos header from C:\WINDOWS\SYSTEM32\CRYPTBASE.DLL
[0922/013437:ERROR:process_reader_win.cc(233)] ReadMemory at 0x7ffdfa3a0000 of 64 bytes failed: Only part of a ReadProcessMemory or WriteProcessMemory request was completed. (0x12B)
[0922/013437:WARNING:pe_image_reader.cc(281)] could not read dos header from C:\Program Files (x86)\Google\Chrome\Application\53.0.2785.116\chrome_elf.dll
[0922/013437:ERROR:process_reader_win.cc(233)] ReadMemory at 0x7ffe1e410000 of 64 bytes failed: Only part of a ReadProcessMemory or WriteProcessMemory request was completed. (0x12B)
[0922/013437:WARNING:pe_image_reader.cc(281)] could not read dos header from C:\WINDOWS\SYSTEM32\VERSION.dll
[0922/013437:ERROR:process_reader_win.cc(233)] ReadMemory at 0x7ffe1fe10000 of 64 bytes failed: Only part of a ReadProcessMemory or WriteProcessMemory request was completed. (0x12B)
[0922/013437:WARNING:pe_image_reader.cc(281)] could not read dos header from C:\WINDOWS\system32\cfgmgr32.dll
[0922/013437:ERROR:process_reader_win.cc(233)] ReadMemory at 0x7ffe1d450000 of 64 bytes failed: Only part of a ReadProcessMemory or WriteProcessMemory request was completed. (0x12B)
[0922/013437:WARNING:pe_image_reader.cc(281)] could not read dos header from C:\WINDOWS\SYSTEM32\WINMMBASE.dll
[0922/013437:ERROR:process_reader_win.cc(233)] ReadMemory at 0x7ffe22b20000 of 64 bytes failed: Only part of a ReadProcessMemory or WriteProcessMemory request was completed. (0x12B)
[0922/013437:WARNING:pe_image_reader.cc(281)] could not read dos header from C:\WINDOWS\system32\GDI32.dll
[0922/013437:ERROR:process_reader_win.cc(233)] ReadMemory at 0x7ffe22740000 of 64 bytes failed: Only part of a ReadProcessMemory or WriteProcessMemory request was completed. (0x12B)
[0922/013437:WARNING:pe_image_reader.cc(281)] could not read dos header from C:\WINDOWS\system32\USER32.dll
[0922/013437:ERROR:process_reader_win.cc(233)] ReadMemory at 0x7ffe22700000 of 64 bytes failed: Only part of a ReadProcessMemory or WriteProcessMemory request was completed. (0x12B)
[0922/013437:WARNING:pe_image_reader.cc(281)] could not read dos header from C:\WINDOWS\system32\IMM32.DLL
[0922/013437:ERROR:process_reader_win.cc(233)] ReadMemory at 0x7ffe1d4f0000 of 64 bytes failed: Only part of a ReadProcessMemory or WriteProcessMemory request was completed. (0x12B)
[0922/013437:WARNING:pe_image_reader.cc(281)] could not read dos header from C:\WINDOWS\SYSTEM32\WINMM.dll
[0922/013437:ERROR:process_reader_win.cc(233)] ReadMemory at 0x7ffe1fd80000 of 64 bytes failed: Only part of a ReadProcessMemory or WriteProcessMemory request was completed. (0x12B)
[0922/013437:WARNING:pe_image_reader.cc(281)] could not read dos header from C:\WINDOWS\system32\profapi.dll
[0922/013437:ERROR:process_reader_win.cc(233)] ReadMemory at 0x7ffe1f1d0000 of 64 bytes failed: Only part of a ReadProcessMemory or WriteProcessMemory request was completed. (0x12B)
[0922/013437:WARNING:pe_image_reader.cc(281)] could not read dos header from C:\WINDOWS\SYSTEM32\USERENV.dll
[0922/013437:ERROR:process_reader_win.cc(233)] ReadMemory at 0x7ffe1dc90000 of 64 bytes failed: Only part of a ReadProcessMemory or WriteProcessMemory request was completed. (0x12B)
[0922/013437:WARNING:pe_image_reader.cc(281)] could not read dos header from C:\WINDOWS\SYSTEM32\WTSAPI32.dll
[0922/013437:ERROR:process_reader_win.cc(233)] ReadMemory at 0x7ffe12d20000 of 64 bytes failed: Only part of a ReadProcessMemory or WriteProcessMemory request was completed. (0x12B)
[0922/013437:WARNING:pe_image_reader.cc(281)] could not read dos header from C:\WINDOWS\SYSTEM32\WINHTTP.dll
[0922/013437:ERROR:process_reader_win.cc(233)] ReadMemory at 0x7ffe228a0000 of 64 bytes failed: Only part of a ReadProcessMemory or WriteProcessMemory request was completed. (0x12B)
[0922/013437:WARNING:pe_image_reader.cc(281)] could not read dos header from C:\WINDOWS\system32\combase.dll
[0922/013437:ERROR:process_reader_win.cc(233)] ReadMemory at 0x7ffe230c0000 of 64 bytes failed: Only part of a ReadProcessMemory or WriteProcessMemory request was completed. (0x12B)
[0922/013437:WARNING:pe_image_reader.cc(281)] could not read dos header from C:\WINDOWS\system32\shlwapi.dll
[0922/013437:ERROR:process_reader_win.cc(233)] ReadMemory at 0x7ffe1fda0000 of 64 bytes failed: Only part of a ReadProcessMemory or WriteProcessMemory request was completed. (0x12B)
[0922/013437:WARNING:pe_image_reader.cc(281)] could not read dos header from C:\WINDOWS\system32\kernel.appcore.dll
[0922/013437:ERROR:process_reader_win.cc(233)] ReadMemory at 0x7ffe20220000 of 64 bytes failed: Only part of a ReadProcessMemory or WriteProcessMemory request was completed. (0x12B)
[0922/013437:WARNING:pe_image_reader.cc(281)] could not read dos header from C:\WINDOWS\system32\shcore.dll
[0922/013437:ERROR:process_reader_win.cc(233)] ReadMemory at 0x7ffe1fdc0000 of 64 bytes failed: Only part of a ReadProcessMemory or WriteProcessMemory request was completed. (0x12B)
[0922/013437:WARNING:pe_image_reader.cc(281)] could not read dos header from C:\WINDOWS\system32\powrprof.dll
[0922/013437:ERROR:process_reader_win.cc(233)] ReadMemory at 0x7ffe20340000 of 64 bytes failed: Only part of a ReadProcessMemory or WriteProcessMemory request was completed. (0x12B)
[0922/013437:WARNING:pe_image_reader.cc(281)] could not read dos header from C:\WINDOWS\system32\windows.storage.dll
[0922/013437:ERROR:process_reader_win.cc(233)] ReadMemory at 0x7ffe20c60000 of 64 bytes failed: Only part of a ReadProcessMemory or WriteProcessMemory request was completed. (0x12B)
[0922/013437:WARNING:pe_image_reader.cc(281)] could not read dos header from C:\WINDOWS\system32\SHELL32.dll
[0922/013437:ERROR:process_reader_win.cc(233)] ReadMemory at 0x7ffe23450000 of 64 bytes failed: Only part of a ReadProcessMemory or WriteProcessMemory request was completed. (0x12B)
[0922/013437:WARNING:pe_image_reader.cc(281)] could not read dos header from C:\WINDOWS\system32\PSAPI.DLL
[0922/013437:ERROR:process_reader_win.cc(233)] ReadMemory at 0x7ffe1fc10000 of 64 bytes failed: Only part of a ReadProcessMemory or WriteProcessMemory request was completed. (0x12B)
[0922/013437:WARNING:pe_image_reader.cc(281)] could not read dos header from C:\WINDOWS\SYSTEM32\bcrypt.dll
[0922/013437:ERROR:process_reader_win.cc(233)] ReadMemory at 0x7ffe19d70000 of 64 bytes failed: Only part of a ReadProcessMemory or WriteProcessMemory request was completed. (0x12B)
[0922/013437:WARNING:pe_image_reader.cc(281)] could not read dos header from C:\WINDOWS\SYSTEM32\WINSPOOL.DRV
[0922/013437:ERROR:process_reader_win.cc(233)] ReadMemory at 0x7ffe1abc0000 of 64 bytes failed: Only part of a ReadProcessMemory or WriteProcessMemory request was completed. (0x12B)
[0922/013437:WARNING:pe_image_reader.cc(281)] could not read dos header from C:\WINDOWS\WinSxS\amd64_microsoft.windows.common-controls_6595b64144ccf1df_6.0.10586.589_none_a2ddb3caa539acce\COMCTL32.dll
[0922/013437:ERROR:process_reader_win.cc(233)] ReadMemory at 0x7ffe20050000 of 64 bytes failed: Only part of a ReadProcessMemory or WriteProcessMemory request was completed. (0x12B)
[0922/013437:WARNING:pe_image_reader.cc(281)] could not read dos header from C:\WINDOWS\system32\FirewallAPI.dll
[0922/013437:ERROR:process_reader_win.cc(233)] ReadMemory at 0x7ffe1e190000 of 64 bytes failed: Only part of a ReadProcessMemory or WriteProcessMemory request was completed. (0x12B)
[0922/013437:WARNING:pe_image_reader.cc(281)] could not read dos header from C:\WINDOWS\system32\fwbase.dll
[0922/013437:ERROR:process_reader_win.cc(233)] ReadMemory at 0x7ffe20190000 of 64 bytes failed: Only part of a ReadProcessMemory or WriteProcessMemory request was completed. (0x12B)
[0922/013437:WARNING:pe_image_reader.cc(281)] could not read dos header from C:\WINDOWS\system32\NETAPI32.dll
[0922/013437:ERROR:process_reader_win.cc(233)] ReadMemory at 0x7ffe19e70000 of 64 bytes failed: Only part of a ReadProcessMemory or WriteProcessMemory request was completed. (0x12B)
[0922/013437:WARNING:pe_image_reader.cc(281)] could not read dos header from C:\WINDOWS\SYSTEM32\DAVHLPR.DLL
[0922/013437:ERROR:process_reader_win.cc(233)] ReadMemory at 0x7ffe23340000 of 64 bytes failed: Only part of a ReadProcessMemory or WriteProcessMemory request was completed. (0x12B)
[0922/013437:WARNING:pe_image_reader.cc(281)] could not read dos header from C:\WINDOWS\system32\COMDLG32.dll
[0922/013437:ERROR:process_reader_win.cc(233)] ReadMemory at 0x7ffe23120000 of 64 bytes failed: Only part of a ReadProcessMemory or WriteProcessMemory request was completed. (0x12B)
[0922/013437:WARNING:pe_image_reader.cc(281)] could not read dos header from C:\WINDOWS\system32\ole32.dll
[0922/013437:ERROR:process_reader_win.cc(233)] ReadMemory at 0x7ffe23270000 of 64 bytes failed: Only part of a ReadProcessMemory or WriteProcessMemory request was completed. (0x12B)
[0922/013437:WARNING:pe_image_reader.cc(281)] could not read dos header from C:\WINDOWS\system32\OLEAUT32.dll
[0922/013437:ERROR:process_reader_win.cc(233)] ReadMemory at 0x7ffe19950000 of 64 bytes failed: Only part of a ReadProcessMemory or WriteProcessMemory request was completed. (0x12B)
[0922/013437:WARNING:pe_image_reader.cc(281)] could not read dos header from C:\WINDOWS\SYSTEM32\IPHLPAPI.DLL
[0922/013437:ERROR:process_reader_win.cc(233)] ReadMemory at 0x7ffe22fe0000 of 64 bytes failed: Only part of a ReadProcessMemory or WriteProcessMemory request was completed. (0x12B)
[0922/013437:WARNING:pe_image_reader.cc(281)] could not read dos header from C:\WINDOWS\system32\WS2_32.dll
[0922/013437:ERROR:process_reader_win.cc(233)] ReadMemory at 0x7ffe15550000 of 64 bytes failed: Only part of a ReadProcessMemory or WriteProcessMemory request was completed. (0x12B)
[0922/013437:WARNING:pe_image_reader.cc(281)] could not read dos header from C:\WINDOWS\SYSTEM32\USP10.dll
[0922/013437:ERROR:process_reader_win.cc(233)] ReadMemory at 0x7ffe1fdb0000 of 64 bytes failed: Only part of a ReadProcessMemory or WriteProcessMemory request was completed. (0x12B)
[0922/013437:WARNING:pe_image_reader.cc(281)] could not read dos header from C:\WINDOWS\system32\MSASN1.dll
[0922/013437:ERROR:process_reader_win.cc(233)] ReadMemory at 0x7ffe20990000 of 64 bytes failed: Only part of a ReadProcessMemory or WriteProcessMemory request was completed. (0x12B)
[0922/013437:WARNING:pe_image_reader.cc(281)] could not read dos header from C:\WINDOWS\system32\CRYPT32.dll
[0922/013437:ERROR:process_reader_win.cc(233)] ReadMemory at 0x7ffe202e0000 of 64 bytes failed: Only part of a ReadProcessMemory or WriteProcessMemory request was completed. (0x12B)
[0922/013437:WARNING:pe_image_reader.cc(281)] could not read dos header from C:\WINDOWS\system32\WINTRUST.dll
[0922/013437:ERROR:process_reader_win.cc(233)] ReadMemory at 0x7ffe1e420000 of 64 bytes failed: Only part of a ReadProcessMemory or WriteProcessMemory request was completed. (0x12B)
[0922/013437:WARNING:pe_image_reader.cc(281)] could not read dos header from C:\WINDOWS\SYSTEM32\Secur32.dll
[0922/013437:ERROR:process_reader_win.cc(233)] ReadMemory at 0x7ffe1f740000 of 64 bytes failed: Only part of a ReadProcessMemory or WriteProcessMemory request was completed. (0x12B)
[0922/013437:WARNING:pe_image_reader.cc(281)] could not read dos header from C:\WINDOWS\SYSTEM32\SSPICLI.DLL
[0922/013437:ERROR:process_reader_win.cc(233)] ReadMemory at 0x7ffdedb00000 of 64 bytes failed: Only part of a ReadProcessMemory or WriteProcessMemory request was completed. (0x12B)
[0922/013437:WARNING:pe_image_reader.cc(281)] could not read dos header from C:\Program Files (x86)\Google\Chrome\Application\53.0.2785.116\chrome_child.dll
[0922/013437:ERROR:process_reader_win.cc(233)] ReadMemory at 0x7ffe11050000 of 64 bytes failed: Only part of a ReadProcessMemory or WriteProcessMemory request was completed. (0x12B)
[0922/013437:WARNING:pe_image_reader.cc(281)] could not read dos header from C:\WINDOWS\SYSTEM32\dwrite.dll
[0922/013437:ERROR:process_reader_win.cc(233)] ReadMemory at 0x7ff689fb0000 of 64 bytes failed: Only part of a ReadProcessMemory or WriteProcessMemory request was completed. (0x12B)
[0922/013437:WARNING:pe_image_reader.cc(281)] could not read dos header from C:\Program Files (x86)\Google\Chrome\Application\chrome.exe
[0922/013437:ERROR:process_reader_win.cc(233)] ReadMemory at 0x7ffe23760000 of 64 bytes failed: Only part of a ReadProcessMemory or WriteProcessMemory request was completed. (0x12B)
[0922/013437:WARNING:pe_image_reader.cc(281)] could not read dos header from C:\WINDOWS\SYSTEM32\ntdll.dll
[0922/013437:ERROR:process_reader_win.cc(233)] ReadMemory at 0x7ffe1fe60000 of 64 bytes failed: Only part of a ReadProcessMemory or WriteProcessMemory request was completed. (0x12B)
[0922/013437:WARNING:pe_image_reader.cc(281)] could not read dos header from C:\WINDOWS\system32\KERNELBASE.dll
[0922/013437:ERROR:process_reader_win.cc(233)] ReadMemory at 0x7ffe23480000 of 64 bytes failed: Only part of a ReadProcessMemory or WriteProcessMemory request was completed. (0x12B)
[0922/013437:WARNING:pe_image_reader.cc(281)] could not read dos header from C:\WINDOWS\system32\KERNEL32.DLL
[0922/013437:ERROR:process_reader_win.cc(233)] ReadMemory at 0x7ffe1dc10000 of 64 bytes failed: Only part of a ReadProcessMemory or WriteProcessMemory request was completed. (0x12B)
[0922/013437:WARNING:pe_image_reader.cc(281)] could not read dos header from C:\WINDOWS\system32\apphelp.dll
[0922/013437:ERROR:process_reader_win.cc(233)] ReadMemory at 0x7ffe20b60000 of 64 bytes failed: Only part of a ReadProcessMemory or WriteProcessMemory request was completed. (0x12B)
[0922/013437:WARNING:pe_image_reader.cc(281)] could not read dos header from C:\WINDOWS\system32\msvcrt.dll
[0922/013437:ERROR:process_reader_win.cc(233)] ReadMemory at 0x7ffe23640000 of 64 bytes failed: Only part of a ReadProcessMemory or WriteProcessMemory request was completed. (0x12B)
[0922/013437:WARNING:pe_image_reader.cc(281)] could not read dos header from C:\WINDOWS\system32\RPCRT4.dll
[0922/013437:ERROR:process_reader_win.cc(233)] ReadMemory at 0x7ffe221c0000 of 64 bytes failed: Only part of a ReadProcessMemory or WriteProcessMemory request was completed. (0x12B)
[0922/013437:WARNING:pe_image_reader.cc(281)] could not read dos header from C:\WINDOWS\system32\sechost.dll
[0922/013437:ERROR:process_reader_win.cc(233)] ReadMemory at 0x7ffe22220000 of 64 bytes failed: Only part of a ReadProcessMemory or WriteProcessMemory request was completed. (0x12B)
[0922/013437:WARNING:pe_image_reader.cc(281)] could not read dos header from C:\WINDOWS\system32\ADVAPI32.dll
[0922/013437:ERROR:process_reader_win.cc(233)] ReadMemory at 0x7ffe201b0000 of 64 bytes failed: Only part of a ReadProcessMemory or WriteProcessMemory request was completed. (0x12B)
[0922/013437:WARNING:pe_image_reader.cc(281)] could not read dos header from C:\WINDOWS\system32\bcryptPrimitives.dll
[0922/013437:ERROR:process_reader_win.cc(233)] ReadMemory at 0x7ffe1f510000 of 64 bytes failed: Only part of a ReadProcessMemory or WriteProcessMemory request was completed. (0x12B)
[0922/013437:WARNING:pe_image_reader.cc(281)] could not read dos header from C:\WINDOWS\SYSTEM32\CRYPTBASE.DLL
[0922/013437:ERROR:process_reader_win.cc(233)] ReadMemory at 0x7ffdfa3a0000 of 64 bytes failed: Only part of a ReadProcessMemory or WriteProcessMemory request was completed. (0x12B)
[0922/013437:WARNING:pe_image_reader.cc(281)] could not read dos header from C:\Program Files (x86)\Google\Chrome\Application\53.0.2785.116\chrome_elf.dll
[0922/013437:ERROR:process_reader_win.cc(233)] ReadMemory at 0x7ffe1e410000 of 64 bytes failed: Only part of a ReadProcessMemory or WriteProcessMemory request was completed. (0x12B)
[0922/013437:WARNING:pe_image_reader.cc(281)] could not read dos header from C:\WINDOWS\SYSTEM32\VERSION.dll
[0922/013437:ERROR:process_reader_win.cc(233)] ReadMemory at 0x7ffe1fe10000 of 64 bytes failed: Only part of a ReadProcessMemory or WriteProcessMemory request was completed. (0x12B)
[0922/013437:WARNING:pe_image_reader.cc(281)] could not read dos header from C:\WINDOWS\system32\cfgmgr32.dll
[0922/013437:ERROR:process_reader_win.cc(233)] ReadMemory at 0x7ffe1d450000 of 64 bytes failed: Only part of a ReadProcessMemory or WriteProcessMemory request was completed. (0x12B)
[0922/013437:WARNING:pe_image_reader.cc(281)] could not read dos header from C:\WINDOWS\SYSTEM32\WINMMBASE.dll
[0922/013437:ERROR:process_reader_win.cc(233)] ReadMemory at 0x7ffe22b20000 of 64 bytes failed: Only part of a ReadProcessMemory or WriteProcessMemory request was completed. (0x12B)
[0922/013437:WARNING:pe_image_reader.cc(281)] could not read dos header from C:\WINDOWS\system32\GDI32.dll
[0922/013437:ERROR:process_reader_win.cc(233)] ReadMemory at 0x7ffe22740000 of 64 bytes failed: Only part of a ReadProcessMemory or WriteProcessMemory request was completed. (0x12B)
[0922/013437:WARNING:pe_image_reader.cc(281)] could not read dos header from C:\WINDOWS\system32\USER32.dll
[0922/013437:ERROR:process_reader_win.cc(233)] ReadMemory at 0x7ffe22700000 of 64 bytes failed: Only part of a ReadProcessMemory or WriteProcessMemory request was completed. (0x12B)
[0922/013437:WARNING:pe_image_reader.cc(281)] could not read dos header from C:\WINDOWS\system32\IMM32.DLL
[0922/013437:ERROR:process_reader_win.cc(233)] ReadMemory at 0x7ffe1d4f0000 of 64 bytes failed: Only part of a ReadProcessMemory or WriteProcessMemory request was completed. (0x12B)
[0922/013437:WARNING:pe_image_reader.cc(281)] could not read dos header from C:\WINDOWS\SYSTEM32\WINMM.dll
[0922/013437:ERROR:process_reader_win.cc(233)] ReadMemory at 0x7ffe1fd80000 of 64 bytes failed: Only part of a ReadProcessMemory or WriteProcessMemory request was completed. (0x12B)
[0922/013437:WARNING:pe_image_reader.cc(281)] could not read dos header from C:\WINDOWS\system32\profapi.dll
[0922/013437:ERROR:process_reader_win.cc(233)] ReadMemory at 0x7ffe1f1d0000 of 64 bytes failed: Only part of a ReadProcessMemory or WriteProcessMemory request was completed. (0x12B)
[0922/013437:WARNING:pe_image_reader.cc(281)] could not read dos header from C:\WINDOWS\SYSTEM32\USERENV.dll
[0922/013437:ERROR:process_reader_win.cc(233)] ReadMemory at 0x7ffe1dc90000 of 64 bytes failed: Only part of a ReadProcessMemory or WriteProcessMemory request was completed. (0x12B)
[0922/013437:WARNING:pe_image_reader.cc(281)] could not read dos header from C:\WINDOWS\SYSTEM32\WTSAPI32.dll
[0922/013437:ERROR:process_reader_win.cc(233)] ReadMemory at 0x7ffe12d20000 of 64 bytes failed: Only part of a ReadProcessMemory or WriteProcessMemory request was completed. (0x12B)
[0922/013437:WARNING:pe_image_reader.cc(281)] could not read dos header from C:\WINDOWS\SYSTEM32\WINHTTP.dll
[0922/013437:ERROR:process_reader_win.cc(233)] ReadMemory at 0x7ffe228a0000 of 64 bytes failed: Only part of a ReadProcessMemory or WriteProcessMemory request was completed. (0x12B)
[0922/013437:WARNING:pe_image_reader.cc(281)] could not read dos header from C:\WINDOWS\system32\combase.dll
[0922/013437:ERROR:process_reader_win.cc(233)] ReadMemory at 0x7ffe230c0000 of 64 bytes failed: Only part of a ReadProcessMemory or WriteProcessMemory request was completed. (0x12B)
[0922/013437:WARNING:pe_image_reader.cc(281)] could not read dos header from C:\WINDOWS\system32\shlwapi.dll
[0922/013437:ERROR:process_reader_win.cc(233)] ReadMemory at 0x7ffe1fda0000 of 64 bytes failed: Only part of a ReadProcessMemory or WriteProcessMemory request was completed. (0x12B)
[0922/013437:WARNING:pe_image_reader.cc(281)] could not read dos header from C:\WINDOWS\system32\kernel.appcore.dll
[0922/013437:ERROR:process_reader_win.cc(233)] ReadMemory at 0x7ffe20220000 of 64 bytes failed: Only part of a ReadProcessMemory or WriteProcessMemory request was completed. (0x12B)
[0922/013437:WARNING:pe_image_reader.cc(281)] could not read dos header from C:\WINDOWS\system32\shcore.dll
[0922/013437:ERROR:process_reader_win.cc(233)] ReadMemory at 0x7ffe1fdc0000 of 64 bytes failed: Only part of a ReadProcessMemory or WriteProcessMemory request was completed. (0x12B)
[0922/013437:WARNING:pe_image_reader.cc(281)] could not read dos header from C:\WINDOWS\system32\powrprof.dll
[0922/013437:ERROR:process_reader_win.cc(233)] ReadMemory at 0x7ffe20340000 of 64 bytes failed: Only part of a ReadProcessMemory or WriteProcessMemory request was completed. (0x12B)
[0922/013437:WARNING:pe_image_reader.cc(281)] could not read dos header from C:\WINDOWS\system32\windows.storage.dll
[0922/013437:ERROR:process_reader_win.cc(233)] ReadMemory at 0x7ffe20c60000 of 64 bytes failed: Only part of a ReadProcessMemory or WriteProcessMemory request was completed. (0x12B)
[0922/013437:WARNING:pe_image_reader.cc(281)] could not read dos header from C:\WINDOWS\system32\SHELL32.dll
[0922/013437:ERROR:process_reader_win.cc(233)] ReadMemory at 0x7ffe23450000 of 64 bytes failed: Only part of a ReadProcessMemory or WriteProcessMemory request was completed. (0x12B)
[0922/013437:WARNING:pe_image_reader.cc(281)] could not read dos header from C:\WINDOWS\system32\PSAPI.DLL
[0922/013437:ERROR:process_reader_win.cc(233)] ReadMemory at 0x7ffe1fc10000 of 64 bytes failed: Only part of a ReadProcessMemory or WriteProcessMemory request was completed. (0x12B)
[0922/013437:WARNING:pe_image_reader.cc(281)] could not read dos header from C:\WINDOWS\SYSTEM32\bcrypt.dll
[0922/013437:ERROR:process_reader_win.cc(233)] ReadMemory at 0x7ffe19d70000 of 64 bytes failed: Only part of a ReadProcessMemory or WriteProcessMemory request was completed. (0x12B)
[0922/013437:WARNING:pe_image_reader.cc(281)] could not read dos header from C:\WINDOWS\SYSTEM32\WINSPOOL.DRV
[0922/013437:ERROR:process_reader_win.cc(233)] ReadMemory at 0x7ffe1abc0000 of 64 bytes failed: Only part of a ReadProcessMemory or WriteProcessMemory request was completed. (0x12B)
[0922/013437:WARNING:pe_image_reader.cc(281)] could not read dos header from C:\WINDOWS\WinSxS\amd64_microsoft.windows.common-controls_6595b64144ccf1df_6.0.10586.589_none_a2ddb3caa539acce\COMCTL32.dll
[0922/013437:ERROR:process_reader_win.cc(233)] ReadMemory at 0x7ffe20050000 of 64 bytes failed: Only part of a ReadProcessMemory or WriteProcessMemory request was completed. (0x12B)
[0922/013437:WARNING:pe_image_reader.cc(281)] could not read dos header from C:\WINDOWS\system32\FirewallAPI.dll
[0922/013437:ERROR:process_reader_win.cc(233)] ReadMemory at 0x7ffe1e190000 of 64 bytes failed: Only part of a ReadProcessMemory or WriteProcessMemory request was completed. (0x12B)
[0922/013437:WARNING:pe_image_reader.cc(281)] could not read dos header from C:\WINDOWS\system32\fwbase.dll
[0922/013437:ERROR:process_reader_win.cc(233)] ReadMemory at 0x7ffe20190000 of 64 bytes failed: Only part of a ReadProcessMemory or WriteProcessMemory request was completed. (0x12B)
[0922/013437:WARNING:pe_image_reader.cc(281)] could not read dos header from C:\WINDOWS\system32\NETAPI32.dll
[0922/013437:ERROR:process_reader_win.cc(233)] ReadMemory at 0x7ffe19e70000 of 64 bytes failed: Only part of a ReadProcessMemory or WriteProcessMemory request was completed. (0x12B)
[0922/013437:WARNING:pe_image_reader.cc(281)] could not read dos header from C:\WINDOWS\SYSTEM32\DAVHLPR.DLL
[0922/013437:ERROR:process_reader_win.cc(233)] ReadMemory at 0x7ffe23340000 of 64 bytes failed: Only part of a ReadProcessMemory or WriteProcessMemory request was completed. (0x12B)
[0922/013437:WARNING:pe_image_reader.cc(281)] could not read dos header from C:\WINDOWS\system32\COMDLG32.dll
[0922/013437:ERROR:process_reader_win.cc(233)] ReadMemory at 0x7ffe23120000 of 64 bytes failed: Only part of a ReadProcessMemory or WriteProcessMemory request was completed. (0x12B)
[0922/013437:WARNING:pe_image_reader.cc(281)] could not read dos header from C:\WINDOWS\system32\ole32.dll
[0922/013437:ERROR:process_reader_win.cc(233)] ReadMemory at 0x7ffe23270000 of 64 bytes failed: Only part of a ReadProcessMemory or WriteProcessMemory request was completed. (0x12B)
[0922/013437:WARNING:pe_image_reader.cc(281)] could not read dos header from C:\WINDOWS\system32\OLEAUT32.dll
[0922/013437:ERROR:process_reader_win.cc(233)] ReadMemory at 0x7ffe19950000 of 64 bytes failed: Only part of a ReadProcessMemory or WriteProcessMemory request was completed. (0x12B)
[0922/013437:WARNING:pe_image_reader.cc(281)] could not read dos header from C:\WINDOWS\SYSTEM32\IPHLPAPI.DLL
[0922/013437:ERROR:process_reader_win.cc(233)] ReadMemory at 0x7ffe22fe0000 of 64 bytes failed: Only part of a ReadProcessMemory or WriteProcessMemory request was completed. (0x12B)
[0922/013437:WARNING:pe_image_reader.cc(281)] could not read dos header from C:\WINDOWS\system32\WS2_32.dll
[0922/013437:ERROR:process_reader_win.cc(233)] ReadMemory at 0x7ffe15550000 of 64 bytes failed: Only part of a ReadProcessMemory or WriteProcessMemory request was completed. (0x12B)
[0922/013437:WARNING:pe_image_reader.cc(281)] could not read dos header from C:\WINDOWS\SYSTEM32\USP10.dll
[0922/013437:ERROR:process_reader_win.cc(233)] ReadMemory at 0x7ffe1fdb0000 of 64 bytes failed: Only part of a ReadProcessMemory or WriteProcessMemory request was completed. (0x12B)
[0922/013437:WARNING:pe_image_reader.cc(281)] could not read dos header from C:\WINDOWS\system32\MSASN1.dll
[0922/013437:ERROR:process_reader_win.cc(233)] ReadMemory at 0x7ffe20990000 of 64 bytes failed: Only part of a ReadProcessMemory or WriteProcessMemory request was completed. (0x12B)
[0922/013437:WARNING:pe_image_reader.cc(281)] could not read dos header from C:\WINDOWS\system32\CRYPT32.dll
[0922/013437:ERROR:process_reader_win.cc(233)] ReadMemory at 0x7ffe202e0000 of 64 bytes failed: Only part of a ReadProcessMemory or WriteProcessMemory request was completed. (0x12B)
[0922/013437:WARNING:pe_image_reader.cc(281)] could not read dos header from C:\WINDOWS\system32\WINTRUST.dll
[0922/013437:ERROR:process_reader_win.cc(233)] ReadMemory at 0x7ffe1e420000 of 64 bytes failed: Only part of a ReadProcessMemory or WriteProcessMemory request was completed. (0x12B)
[0922/013437:WARNING:pe_image_reader.cc(281)] could not read dos header from C:\WINDOWS\SYSTEM32\Secur32.dll
[0922/013437:ERROR:process_reader_win.cc(233)] ReadMemory at 0x7ffe1f740000 of 64 bytes failed: Only part of a ReadProcessMemory or WriteProcessMemory request was completed. (0x12B)
[0922/013437:WARNING:pe_image_reader.cc(281)] could not read dos header from C:\WINDOWS\SYSTEM32\SSPICLI.DLL
[0922/013437:ERROR:process_reader_win.cc(233)] ReadMemory at 0x7ffdedb00000 of 64 bytes failed: Only part of a ReadProcessMemory or WriteProcessMemory request was completed. (0x12B)
[0922/013437:WARNING:pe_image_reader.cc(281)] could not read dos header from C:\Program Files (x86)\Google\Chrome\Application\53.0.2785.116\chrome_child.dll
[0922/013437:ERROR:process_reader_win.cc(233)] ReadMemory at 0x7ffe11050000 of 64 bytes failed: Only part of a ReadProcessMemory or WriteProcessMemory request was completed. (0x12B)
[0922/013437:WARNING:pe_image_reader.cc(281)] could not read dos header from C:\WINDOWS\SYSTEM32\dwrite.dll
[0922/013437:ERROR:process_reader_win.cc(233)] ReadMemory at 0x7ff689fb0000 of 64 bytes failed: Only part of a ReadProcessMemory or WriteProcessMemory request was completed. (0x12B)
[0922/013437:WARNING:pe_image_reader.cc(281)] could not read dos header from C:\Program Files (x86)\Google\Chrome\Application\chrome.exe
[0922/013437:ERROR:process_reader_win.cc(233)] ReadMemory at 0x7ffe23760000 of 64 bytes failed: Only part of a ReadProcessMemory or WriteProcessMemory request was completed. (0x12B)
[0922/013437:WARNING:pe_image_reader.cc(281)] could not read dos header from C:\WINDOWS\SYSTEM32\ntdll.dll
[0922/013437:ERROR:process_reader_win.cc(233)] ReadMemory at 0x7ffe1fe60000 of 64 bytes failed: Only part of a ReadProcessMemory or WriteProcessMemory request was completed. (0x12B)
[0922/013437:WARNING:pe_image_reader.cc(281)] could not read dos header from C:\WINDOWS\system32\KERNELBASE.dll
[0922/013437:ERROR:process_reader_win.cc(233)] ReadMemory at 0x7ffe23480000 of 64 bytes failed: Only part of a ReadProcessMemory or WriteProcessMemory request was completed. (0x12B)
[0922/013437:WARNING:pe_image_reader.cc(281)] could not read dos header from C:\WINDOWS\system32\KERNEL32.DLL
[0922/013437:ERROR:process_reader_win.cc(233)] ReadMemory at 0x7ffe1dc10000 of 64 bytes failed: Only part of a ReadProcessMemory or WriteProcessMemory request was completed. (0x12B)
[0922/013437:WARNING:pe_image_reader.cc(281)] could not read dos header from C:\WINDOWS\system32\apphelp.dll
[0922/013437:ERROR:process_reader_win.cc(233)] ReadMemory at 0x7ffe20b60000 of 64 bytes failed: Only part of a ReadProcessMemory or WriteProcessMemory request was completed. (0x12B)
[0922/013437:WARNING:pe_image_reader.cc(281)] could not read dos header from C:\WINDOWS\system32\msvcrt.dll
[0922/013437:ERROR:process_reader_win.cc(233)] ReadMemory at 0x7ffe23640000 of 64 bytes failed: Only part of a ReadProcessMemory or WriteProcessMemory request was completed. (0x12B)
[0922/013437:WARNING:pe_image_reader.cc(281)] could not read dos header from C:\WINDOWS\system32\RPCRT4.dll
[0922/013437:ERROR:process_reader_win.cc(233)] ReadMemory at 0x7ffe221c0000 of 64 bytes failed: Only part of a ReadProcessMemory or WriteProcessMemory request was completed. (0x12B)
[0922/013437:WARNING:pe_image_reader.cc(281)] could not read dos header from C:\WINDOWS\system32\sechost.dll
[0922/013437:ERROR:process_reader_win.cc(233)] ReadMemory at 0x7ffe22220000 of 64 bytes failed: Only part of a ReadProcessMemory or WriteProcessMemory request was completed. (0x12B)
[0922/013437:WARNING:pe_image_reader.cc(281)] could not read dos header from C:\WINDOWS\system32\ADVAPI32.dll
[0922/013437:ERROR:process_reader_win.cc(233)] ReadMemory at 0x7ffe201b0000 of 64 bytes failed: Only part of a ReadProcessMemory or WriteProcessMemory request was completed. (0x12B)
[0922/013437:WARNING:pe_image_reader.cc(281)] could not read dos header from C:\WINDOWS\system32\bcryptPrimitives.dll
[0922/013437:ERROR:process_reader_win.cc(233)] ReadMemory at 0x7ffe1f510000 of 64 bytes failed: Only part of a ReadProcessMemory or WriteProcessMemory request was completed. (0x12B)
[0922/013437:WARNING:pe_image_reader.cc(281)] could not read dos header from C:\WINDOWS\SYSTEM32\CRYPTBASE.DLL
[0922/013437:ERROR:process_reader_win.cc(233)] ReadMemory at 0x7ffdfa3a0000 of 64 bytes failed: Only part of a ReadProcessMemory or WriteProcessMemory request was completed. (0x12B)
[0922/013437:WARNING:pe_image_reader.cc(281)] could not read dos header from C:\Program Files (x86)\Google\Chrome\Application\53.0.2785.116\chrome_elf.dll
[0922/013437:ERROR:process_reader_win.cc(233)] ReadMemory at 0x7ffe1e410000 of 64 bytes failed: Only part of a ReadProcessMemory or WriteProcessMemory request was completed. (0x12B)
[0922/013437:WARNING:pe_image_reader.cc(281)] could not read dos header from C:\WINDOWS\SYSTEM32\VERSION.dll
[0922/013437:ERROR:process_reader_win.cc(233)] ReadMemory at 0x7ffe1fe10000 of 64 bytes failed: Only part of a ReadProcessMemory or WriteProcessMemory request was completed. (0x12B)
[0922/013437:WARNING:pe_image_reader.cc(281)] could not read dos header from C:\WINDOWS\system32\cfgmgr32.dll
[0922/013437:ERROR:process_reader_win.cc(233)] ReadMemory at 0x7ffe1d450000 of 64 bytes failed: Only part of a ReadProcessMemory or WriteProcessMemory request was completed. (0x12B)
[0922/013437:WARNING:pe_image_reader.cc(281)] could not read dos header from C:\WINDOWS\SYSTEM32\WINMMBASE.dll
[0922/013437:ERROR:process_reader_win.cc(233)] ReadMemory at 0x7ffe22b20000 of 64 bytes failed: Only part of a ReadProcessMemory or WriteProcessMemory request was completed. (0x12B)
[0922/013437:WARNING:pe_image_reader.cc(281)] could not read dos header from C:\WINDOWS\system32\GDI32.dll
[0922/013437:ERROR:process_reader_win.cc(233)] ReadMemory at 0x7ffe22740000 of 64 bytes failed: Only part of a ReadProcessMemory or WriteProcessMemory request was completed. (0x12B)
[0922/013437:WARNING:pe_image_reader.cc(281)] could not read dos header from C:\WINDOWS\system32\USER32.dll
[0922/013437:ERROR:process_reader_win.cc(233)] ReadMemory at 0x7ffe22700000 of 64 bytes failed: Only part of a ReadProcessMemory or WriteProcessMemory request was completed. (0x12B)
[0922/013437:WARNING:pe_image_reader.cc(281)] could not read dos header from C:\WINDOWS\system32\IMM32.DLL
[0922/013437:ERROR:process_reader_win.cc(233)] ReadMemory at 0x7ffe1d4f0000 of 64 bytes failed: Only part of a ReadProcessMemory or WriteProcessMemory request was completed. (0x12B)
[0922/013437:WARNING:pe_image_reader.cc(281)] could not read dos header from C:\WINDOWS\SYSTEM32\WINMM.dll
[0922/013437:ERROR:process_reader_win.cc(233)] ReadMemory at 0x7ffe1fd80000 of 64 bytes failed: Only part of a ReadProcessMemory or WriteProcessMemory request was completed. (0x12B)
[0922/013437:WARNING:pe_image_reader.cc(281)] could not read dos header from C:\WINDOWS\system32\profapi.dll
[0922/013437:ERROR:process_reader_win.cc(233)] ReadMemory at 0x7ffe1f1d0000 of 64 bytes failed: Only part of a ReadProcessMemory or WriteProcessMemory request was completed. (0x12B)
[0922/013437:WARNING:pe_image_reader.cc(281)] could not read dos header from C:\WINDOWS\SYSTEM32\USERENV.dll
[0922/013437:ERROR:process_reader_win.cc(233)] ReadMemory at 0x7ffe1dc90000 of 64 bytes failed: Only part of a ReadProcessMemory or WriteProcessMemory request was completed. (0x12B)
[0922/013437:WARNING:pe_image_reader.cc(281)] could not read dos header from C:\WINDOWS\SYSTEM32\WTSAPI32.dll
[0922/013437:ERROR:process_reader_win.cc(233)] ReadMemory at 0x7ffe12d20000 of 64 bytes failed: Only part of a ReadProcessMemory or WriteProcessMemory request was completed. (0x12B)
[0922/013437:WARNING:pe_image_reader.cc(281)] could not read dos header from C:\WINDOWS\SYSTEM32\WINHTTP.dll
[0922/013437:ERROR:process_reader_win.cc(233)] ReadMemory at 0x7ffe228a0000 of 64 bytes failed: Only part of a ReadProcessMemory or WriteProcessMemory request was completed. (0x12B)
[0922/013437:WARNING:pe_image_reader.cc(281)] could not read dos header from C:\WINDOWS\system32\combase.dll
[0922/013437:ERROR:process_reader_win.cc(233)] ReadMemory at 0x7ffe230c0000 of 64 bytes failed: Only part of a ReadProcessMemory or WriteProcessMemory request was completed. (0x12B)
[0922/013437:WARNING:pe_image_reader.cc(281)] could not read dos header from C:\WINDOWS\system32\shlwapi.dll
[0922/013437:ERROR:process_reader_win.cc(233)] ReadMemory at 0x7ffe1fda0000 of 64 bytes failed: Only part of a ReadProcessMemory or WriteProcessMemory request was completed. (0x12B)
[0922/013437:WARNING:pe_image_reader.cc(281)] could not read dos header from C:\WINDOWS\system32\kernel.appcore.dll
[0922/013437:ERROR:process_reader_win.cc(233)] ReadMemory at 0x7ffe20220000 of 64 bytes failed: Only part of a ReadProcessMemory or WriteProcessMemory request was completed. (0x12B)
[0922/013437:WARNING:pe_image_reader.cc(281)] could not read dos header from C:\WINDOWS\system32\shcore.dll
[0922/013437:ERROR:process_reader_win.cc(233)] ReadMemory at 0x7ffe1fdc0000 of 64 bytes failed: Only part of a ReadProcessMemory or WriteProcessMemory request was completed. (0x12B)
[0922/013437:WARNING:pe_image_reader.cc(281)] could not read dos header from C:\WINDOWS\system32\powrprof.dll
[0922/013437:ERROR:process_reader_win.cc(233)] ReadMemory at 0x7ffe20340000 of 64 bytes failed: Only part of a ReadProcessMemory or WriteProcessMemory request was completed. (0x12B)
[0922/013437:WARNING:pe_image_reader.cc(281)] could not read dos header from C:\WINDOWS\system32\windows.storage.dll
[0922/013437:ERROR:process_reader_win.cc(233)] ReadMemory at 0x7ffe20c60000 of 64 bytes failed: Only part of a ReadProcessMemory or WriteProcessMemory request was completed. (0x12B)
[0922/013437:WARNING:pe_image_reader.cc(281)] could not read dos header from C:\WINDOWS\system32\SHELL32.dll
[0922/013437:ERROR:process_reader_win.cc(233)] ReadMemory at 0x7ffe23450000 of 64 bytes failed: Only part of a ReadProcessMemory or WriteProcessMemory request was completed. (0x12B)
[0922/013437:WARNING:pe_image_reader.cc(281)] could not read dos header from C:\WINDOWS\system32\PSAPI.DLL
[0922/013437:ERROR:process_reader_win.cc(233)] ReadMemory at 0x7ffe1fc10000 of 64 bytes failed: Only part of a ReadProcessMemory or WriteProcessMemory request was completed. (0x12B)
[0922/013437:WARNING:pe_image_reader.cc(281)] could not read dos header from C:\WINDOWS\SYSTEM32\bcrypt.dll
[0922/013437:ERROR:process_reader_win.cc(233)] ReadMemory at 0x7ffe19d70000 of 64 bytes failed: Only part of a ReadProcessMemory or WriteProcessMemory request was completed. (0x12B)
[0922/013437:WARNING:pe_image_reader.cc(281)] could not read dos header from C:\WINDOWS\SYSTEM32\WINSPOOL.DRV
[0922/013437:ERROR:process_reader_win.cc(233)] ReadMemory at 0x7ffe1abc0000 of 64 bytes failed: Only part of a ReadProcessMemory or WriteProcessMemory request was completed. (0x12B)
[0922/013437:WARNING:pe_image_reader.cc(281)] could not read dos header from C:\WINDOWS\WinSxS\amd64_microsoft.windows.common-controls_6595b64144ccf1df_6.0.10586.589_none_a2ddb3caa539acce\COMCTL32.dll
[0922/013437:ERROR:process_reader_win.cc(233)] ReadMemory at 0x7ffe20050000 of 64 bytes failed: Only part of a ReadProcessMemory or WriteProcessMemory request was completed. (0x12B)
[0922/013437:WARNING:pe_image_reader.cc(281)] could not read dos header from C:\WINDOWS\system32\FirewallAPI.dll
[0922/013437:ERROR:process_reader_win.cc(233)] ReadMemory at 0x7ffe1e190000 of 64 bytes failed: Only part of a ReadProcessMemory or WriteProcessMemory request was completed. (0x12B)
[0922/013437:WARNING:pe_image_reader.cc(281)] could not read dos header from C:\WINDOWS\system32\fwbase.dll
[0922/013437:ERROR:process_reader_win.cc(233)] ReadMemory at 0x7ffe20190000 of 64 bytes failed: Only part of a ReadProcessMemory or WriteProcessMemory request was completed. (0x12B)
[0922/013437:WARNING:pe_image_reader.cc(281)] could not read dos header from C:\WINDOWS\system32\NETAPI32.dll
[0922/013437:ERROR:process_reader_win.cc(233)] ReadMemory at 0x7ffe19e70000 of 64 bytes failed: Only part of a ReadProcessMemory or WriteProcessMemory request was completed. (0x12B)
[0922/013437:WARNING:pe_image_reader.cc(281)] could not read dos header from C:\WINDOWS\SYSTEM32\DAVHLPR.DLL
[0922/013437:ERROR:process_reader_win.cc(233)] ReadMemory at 0x7ffe23340000 of 64 bytes failed: Only part of a ReadProcessMemory or WriteProcessMemory request was completed. (0x12B)
[0922/013437:WARNING:pe_image_reader.cc(281)] could not read dos header from C:\WINDOWS\system32\COMDLG32.dll
[0922/013437:ERROR:process_reader_win.cc(233)] ReadMemory at 0x7ffe23120000 of 64 bytes failed: Only part of a ReadProcessMemory or WriteProcessMemory request was completed. (0x12B)
[0922/013437:WARNING:pe_image_reader.cc(281)] could not read dos header from C:\WINDOWS\system32\ole32.dll
[0922/013437:ERROR:process_reader_win.cc(233)] ReadMemory at 0x7ffe23270000 of 64 bytes failed: Only part of a ReadProcessMemory or WriteProcessMemory request was completed. (0x12B)
[0922/013437:WARNING:pe_image_reader.cc(281)] could not read dos header from C:\WINDOWS\system32\OLEAUT32.dll
[0922/013437:ERROR:process_reader_win.cc(233)] ReadMemory at 0x7ffe19950000 of 64 bytes failed: Only part of a ReadProcessMemory or WriteProcessMemory request was completed. (0x12B)
[0922/013437:WARNING:pe_image_reader.cc(281)] could not read dos header from C:\WINDOWS\SYSTEM32\IPHLPAPI.DLL
[0922/013437:ERROR:process_reader_win.cc(233)] ReadMemory at 0x7ffe22fe0000 of 64 bytes failed: Only part of a ReadProcessMemory or WriteProcessMemory request was completed. (0x12B)
[0922/013437:WARNING:pe_image_reader.cc(281)] could not read dos header from C:\WINDOWS\system32\WS2_32.dll
[0922/013437:ERROR:process_reader_win.cc(233)] ReadMemory at 0x7ffe15550000 of 64 bytes failed: Only part of a ReadProcessMemory or WriteProcessMemory request was completed. (0x12B)
[0922/013437:WARNING:pe_image_reader.cc(281)] could not read dos header from C:\WINDOWS\SYSTEM32\USP10.dll
[0922/013437:ERROR:process_reader_win.cc(233)] ReadMemory at 0x7ffe1fdb0000 of 64 bytes failed: Only part of a ReadProcessMemory or WriteProcessMemory request was completed. (0x12B)
[0922/013437:WARNING:pe_image_reader.cc(281)] could not read dos header from C:\WINDOWS\system32\MSASN1.dll
[0922/013437:ERROR:process_reader_win.cc(233)] ReadMemory at 0x7ffe20990000 of 64 bytes failed: Only part of a ReadProcessMemory or WriteProcessMemory request was completed. (0x12B)
[0922/013437:WARNING:pe_image_reader.cc(281)] could not read dos header from C:\WINDOWS\system32\CRYPT32.dll
[0922/013437:ERROR:process_reader_win.cc(233)] ReadMemory at 0x7ffe202e0000 of 64 bytes failed: Only part of a ReadProcessMemory or WriteProcessMemory request was completed. (0x12B)
[0922/013437:WARNING:pe_image_reader.cc(281)] could not read dos header from C:\WINDOWS\system32\WINTRUST.dll
[0922/013437:ERROR:process_reader_win.cc(233)] ReadMemory at 0x7ffe1e420000 of 64 bytes failed: Only part of a ReadProcessMemory or WriteProcessMemory request was completed. (0x12B)
[0922/013437:WARNING:pe_image_reader.cc(281)] could not read dos header from C:\WINDOWS\SYSTEM32\Secur32.dll
[0922/013437:ERROR:process_reader_win.cc(233)] ReadMemory at 0x7ffe1f740000 of 64 bytes failed: Only part of a ReadProcessMemory or WriteProcessMemory request was completed. (0x12B)
[0922/013437:WARNING:pe_image_reader.cc(281)] could not read dos header from C:\WINDOWS\SYSTEM32\SSPICLI.DLL
[0922/013437:ERROR:process_reader_win.cc(233)] ReadMemory at 0x7ffdedb00000 of 64 bytes failed: Only part of a ReadProcessMemory or WriteProcessMemory request was completed. (0x12B)
[0922/013437:WARNING:pe_image_reader.cc(281)] could not read dos header from C:\Program Files (x86)\Google\Chrome\Application\53.0.2785.116\chrome_child.dll
[0922/013437:ERROR:process_reader_win.cc(233)] ReadMemory at 0x7ffe11050000 of 64 bytes failed: Only part of a ReadProcessMemory or WriteProcessMemory request was completed. (0x12B)
[0922/013437:WARNING:pe_image_reader.cc(281)] could not read dos header from C:\WINDOWS\SYSTEM32\dwrite.dll
[0922/013437:ERROR:process_reader_win.cc(233)] ReadMemory at 0x7ff689fb0000 of 64 bytes failed: Only part of a ReadProcessMemory or WriteProcessMemory request was completed. (0x12B)
[0922/013437:WARNING:pe_image_reader.cc(281)] could not read dos header from C:\Program Files (x86)\Google\Chrome\Application\chrome.exe
[0922/013437:ERROR:process_reader_win.cc(233)] ReadMemory at 0x7ffe23760000 of 64 bytes failed: Only part of a ReadProcessMemory or WriteProcessMemory request was completed. (0x12B)
[0922/013437:WARNING:pe_image_reader.cc(281)] could not read dos header from C:\WINDOWS\SYSTEM32\ntdll.dll
[0922/013437:ERROR:process_reader_win.cc(233)] ReadMemory at 0x7ffe1fe60000 of 64 bytes failed: Only part of a ReadProcessMemory or WriteProcessMemory request was completed. (0x12B)
[0922/013437:WARNING:pe_image_reader.cc(281)] could not read dos header from C:\WINDOWS\system32\KERNELBASE.dll
[0922/013437:ERROR:process_reader_win.cc(233)] ReadMemory at 0x7ffe23480000 of 64 bytes failed: Only part of a ReadProcessMemory or WriteProcessMemory request was completed. (0x12B)
[0922/013437:WARNING:pe_image_reader.cc(281)] could not read dos header from C:\WINDOWS\system32\KERNEL32.DLL
[0922/013437:ERROR:process_reader_win.cc(233)] ReadMemory at 0x7ffe1dc10000 of 64 bytes failed: Only part of a ReadProcessMemory or WriteProcessMemory request was completed. (0x12B)
[0922/013437:WARNING:pe_image_reader.cc(281)] could not read dos header from C:\WINDOWS\system32\apphelp.dll
[0922/013437:ERROR:process_reader_win.cc(233)] ReadMemory at 0x7ffe20b60000 of 64 bytes failed: Only part of a ReadProcessMemory or WriteProcessMemory request was completed. (0x12B)
[0922/013437:WARNING:pe_image_reader.cc(281)] could not read dos header from C:\WINDOWS\system32\msvcrt.dll
[0922/013437:ERROR:process_reader_win.cc(233)] ReadMemory at 0x7ffe23640000 of 64 bytes failed: Only part of a ReadProcessMemory or WriteProcessMemory request was completed. (0x12B)
[0922/013437:WARNING:pe_image_reader.cc(281)] could not read dos header from C:\WINDOWS\system32\RPCRT4.dll
[0922/013437:ERROR:process_reader_win.cc(233)] ReadMemory at 0x7ffe221c0000 of 64 bytes failed: Only part of a ReadProcessMemory or WriteProcessMemory request was completed. (0x12B)
[0922/013437:WARNING:pe_image_reader.cc(281)] could not read dos header from C:\WINDOWS\system32\sechost.dll
[0922/013437:ERROR:process_reader_win.cc(233)] ReadMemory at 0x7ffe22220000 of 64 bytes failed: Only part of a ReadProcessMemory or WriteProcessMemory request was completed. (0x12B)
[0922/013437:WARNING:pe_image_reader.cc(281)] could not read dos header from C:\WINDOWS\system32\ADVAPI32.dll
[0922/013437:ERROR:process_reader_win.cc(233)] ReadMemory at 0x7ffe201b0000 of 64 bytes failed: Only part of a ReadProcessMemory or WriteProcessMemory request was completed. (0x12B)
[0922/013437:WARNING:pe_image_reader.cc(281)] could not read dos header from C:\WINDOWS\system32\bcryptPrimitives.dll
[0922/013437:ERROR:process_reader_win.cc(233)] ReadMemory at 0x7ffe1f510000 of 64 bytes failed: Only part of a ReadProcessMemory or WriteProcessMemory request was completed. (0x12B)
[0922/013437:WARNING:pe_image_reader.cc(281)] could not read dos header from C:\WINDOWS\SYSTEM32\CRYPTBASE.DLL
[0922/013437:ERROR:process_reader_win.cc(233)] ReadMemory at 0x7ffdfa3a0000 of 64 bytes failed: Only part of a ReadProcessMemory or WriteProcessMemory request was completed. (0x12B)
[0922/013437:WARNING:pe_image_reader.cc(281)] could not read dos header from C:\Program Files (x86)\Google\Chrome\Application\53.0.2785.116\chrome_elf.dll
[0922/013437:ERROR:process_reader_win.cc(233)] ReadMemory at 0x7ffe1e410000 of 64 bytes failed: Only part of a ReadProcessMemory or WriteProcessMemory request was completed. (0x12B)
[0922/013437:WARNING:pe_image_reader.cc(281)] could not read dos header from C:\WINDOWS\SYSTEM32\VERSION.dll
[0922/013437:ERROR:process_reader_win.cc(233)] ReadMemory at 0x7ffe1fe10000 of 64 bytes failed: Only part of a ReadProcessMemory or WriteProcessMemory request was completed. (0x12B)
[0922/013437:WARNING:pe_image_reader.cc(281)] could not read dos header from C:\WINDOWS\system32\cfgmgr32.dll
[0922/013437:ERROR:process_reader_win.cc(233)] ReadMemory at 0x7ffe1d450000 of 64 bytes failed: Only part of a ReadProcessMemory or WriteProcessMemory request was completed. (0x12B)
[0922/013437:WARNING:pe_image_reader.cc(281)] could not read dos header from C:\WINDOWS\SYSTEM32\WINMMBASE.dll
[0922/013437:ERROR:process_reader_win.cc(233)] ReadMemory at 0x7ffe22b20000 of 64 bytes failed: Only part of a ReadProcessMemory or WriteProcessMemory request was completed. (0x12B)
[0922/013437:WARNING:pe_image_reader.cc(281)] could not read dos header from C:\WINDOWS\system32\GDI32.dll
[0922/013437:ERROR:process_reader_win.cc(233)] ReadMemory at 0x7ffe22740000 of 64 bytes failed: Only part of a ReadProcessMemory or WriteProcessMemory request was completed. (0x12B)
[0922/013437:WARNING:pe_image_reader.cc(281)] could not read dos header from C:\WINDOWS\system32\USER32.dll
[0922/013437:ERROR:process_reader_win.cc(233)] ReadMemory at 0x7ffe22700000 of 64 bytes failed: Only part of a ReadProcessMemory or WriteProcessMemory request was completed. (0x12B)
[0922/013437:WARNING:pe_image_reader.cc(281)] could not read dos header from C:\WINDOWS\system32\IMM32.DLL
[0922/013437:ERROR:process_reader_win.cc(233)] ReadMemory at 0x7ffe1d4f0000 of 64 bytes failed: Only part of a ReadProcessMemory or WriteProcessMemory request was completed. (0x12B)
[0922/013437:WARNING:pe_image_reader.cc(281)] could not read dos header from C:\WINDOWS\SYSTEM32\WINMM.dll
[0922/013437:ERROR:process_reader_win.cc(233)] ReadMemory at 0x7ffe1fd80000 of 64 bytes failed: Only part of a ReadProcessMemory or WriteProcessMemory request was completed. (0x12B)
[0922/013437:WARNING:pe_image_reader.cc(281)] could not read dos header from C:\WINDOWS\system32\profapi.dll
[0922/013437:ERROR:process_reader_win.cc(233)] ReadMemory at 0x7ffe1f1d0000 of 64 bytes failed: Only part of a ReadProcessMemory or WriteProcessMemory request was completed. (0x12B)
[0922/013437:WARNING:pe_image_reader.cc(281)] could not read dos header from C:\WINDOWS\SYSTEM32\USERENV.dll
[0922/013437:ERROR:process_reader_win.cc(233)] ReadMemory at 0x7ffe1dc90000 of 64 bytes failed: Only part of a ReadProcessMemory or WriteProcessMemory request was completed. (0x12B)
[0922/013437:WARNING:pe_image_reader.cc(281)] could not read dos header from C:\WINDOWS\SYSTEM32\WTSAPI32.dll
[0922/013437:ERROR:process_reader_win.cc(233)] ReadMemory at 0x7ffe12d20000 of 64 bytes failed: Only part of a ReadProcessMemory or WriteProcessMemory request was completed. (0x12B)
[0922/013437:WARNING:pe_image_reader.cc(281)] could not read dos header from C:\WINDOWS\SYSTEM32\WINHTTP.dll
[0922/013437:ERROR:process_reader_win.cc(233)] ReadMemory at 0x7ffe228a0000 of 64 bytes failed: Only part of a ReadProcessMemory or WriteProcessMemory request was completed. (0x12B)
[0922/013437:WARNING:pe_image_reader.cc(281)] could not read dos header from C:\WINDOWS\system32\combase.dll
[0922/013437:ERROR:process_reader_win.cc(233)] ReadMemory at 0x7ffe230c0000 of 64 bytes failed: Only part of a ReadProcessMemory or WriteProcessMemory request was completed. (0x12B)
[0922/013437:WARNING:pe_image_reader.cc(281)] could not read dos header from C:\WINDOWS\system32\shlwapi.dll
[0922/013437:ERROR:process_reader_win.cc(233)] ReadMemory at 0x7ffe1fda0000 of 64 bytes failed: Only part of a ReadProcessMemory or WriteProcessMemory request was completed. (0x12B)
[0922/013437:WARNING:pe_image_reader.cc(281)] could not read dos header from C:\WINDOWS\system32\kernel.appcore.dll
[0922/013437:ERROR:process_reader_win.cc(233)] ReadMemory at 0x7ffe20220000 of 64 bytes failed: Only part of a ReadProcessMemory or WriteProcessMemory request was completed. (0x12B)
[0922/013437:WARNING:pe_image_reader.cc(281)] could not read dos header from C:\WINDOWS\system32\shcore.dll
[0922/013437:ERROR:process_reader_win.cc(233)] ReadMemory at 0x7ffe1fdc0000 of 64 bytes failed: Only part of a ReadProcessMemory or WriteProcessMemory request was completed. (0x12B)
[0922/013437:WARNING:pe_image_reader.cc(281)] could not read dos header from C:\WINDOWS\system32\powrprof.dll
[0922/013437:ERROR:process_reader_win.cc(233)] ReadMemory at 0x7ffe20340000 of 64 bytes failed: Only part of a ReadProcessMemory or WriteProcessMemory request was completed. (0x12B)
[0922/013437:WARNING:pe_image_reader.cc(281)] could not read dos header from C:\WINDOWS\system32\windows.storage.dll
[0922/013437:ERROR:process_reader_win.cc(233)] ReadMemory at 0x7ffe20c60000 of 64 bytes failed: Only part of a ReadProcessMemory or WriteProcessMemory request was completed. (0x12B)
[0922/013437:WARNING:pe_image_reader.cc(281)] could not read dos header from C:\WINDOWS\system32\SHELL32.dll
[0922/013437:ERROR:process_reader_win.cc(233)] ReadMemory at 0x7ffe23450000 of 64 bytes failed: Only part of a ReadProcessMemory or WriteProcessMemory request was completed. (0x12B)
[0922/013437:WARNING:pe_image_reader.cc(281)] could not read dos header from C:\WINDOWS\system32\PSAPI.DLL
[0922/013437:ERROR:process_reader_win.cc(233)] ReadMemory at 0x7ffe1fc10000 of 64 bytes failed: Only part of a ReadProcessMemory or WriteProcessMemory request was completed. (0x12B)
[0922/013437:WARNING:pe_image_reader.cc(281)] could not read dos header from C:\WINDOWS\SYSTEM32\bcrypt.dll
[0922/013437:ERROR:process_reader_win.cc(233)] ReadMemory at 0x7ffe19d70000 of 64 bytes failed: Only part of a ReadProcessMemory or WriteProcessMemory request was completed. (0x12B)
[0922/013437:WARNING:pe_image_reader.cc(281)] could not read dos header from C:\WINDOWS\SYSTEM32\WINSPOOL.DRV
[0922/013437:ERROR:process_reader_win.cc(233)] ReadMemory at 0x7ffe1abc0000 of 64 bytes failed: Only part of a ReadProcessMemory or WriteProcessMemory request was completed. (0x12B)
[0922/013437:WARNING:pe_image_reader.cc(281)] could not read dos header from C:\WINDOWS\WinSxS\amd64_microsoft.windows.common-controls_6595b64144ccf1df_6.0.10586.589_none_a2ddb3caa539acce\COMCTL32.dll
[0922/013437:ERROR:process_reader_win.cc(233)] ReadMemory at 0x7ffe20050000 of 64 bytes failed: Only part of a ReadProcessMemory or WriteProcessMemory request was completed. (0x12B)
[0922/013437:WARNING:pe_image_reader.cc(281)] could not read dos header from C:\WINDOWS\system32\FirewallAPI.dll
[0922/013437:ERROR:process_reader_win.cc(233)] ReadMemory at 0x7ffe1e190000 of 64 bytes failed: Only part of a ReadProcessMemory or WriteProcessMemory request was completed. (0x12B)
[0922/013437:WARNING:pe_image_reader.cc(281)] could not read dos header from C:\WINDOWS\system32\fwbase.dll
[0922/013437:ERROR:process_reader_win.cc(233)] ReadMemory at 0x7ffe20190000 of 64 bytes failed: Only part of a ReadProcessMemory or WriteProcessMemory request was completed. (0x12B)
[0922/013437:WARNING:pe_image_reader.cc(281)] could not read dos header from C:\WINDOWS\system32\NETAPI32.dll
[0922/013437:ERROR:process_reader_win.cc(233)] ReadMemory at 0x7ffe19e70000 of 64 bytes failed: Only part of a ReadProcessMemory or WriteProcessMemory request was completed. (0x12B)
[0922/013437:WARNING:pe_image_reader.cc(281)] could not read dos header from C:\WINDOWS\SYSTEM32\DAVHLPR.DLL
[0922/013437:ERROR:process_reader_win.cc(233)] ReadMemory at 0x7ffe23340000 of 64 bytes failed: Only part of a ReadProcessMemory or WriteProcessMemory request was completed. (0x12B)
[0922/013437:WARNING:pe_image_reader.cc(281)] could not read dos header from C:\WINDOWS\system32\COMDLG32.dll
[0922/013437:ERROR:process_reader_win.cc(233)] ReadMemory at 0x7ffe23120000 of 64 bytes failed: Only part of a ReadProcessMemory or WriteProcessMemory request was completed. (0x12B)
[0922/013437:WARNING:pe_image_reader.cc(281)] could not read dos header from C:\WINDOWS\system32\ole32.dll
[0922/013437:ERROR:process_reader_win.cc(233)] ReadMemory at 0x7ffe23270000 of 64 bytes failed: Only part of a ReadProcessMemory or WriteProcessMemory request was completed. (0x12B)
[0922/013437:WARNING:pe_image_reader.cc(281)] could not read dos header from C:\WINDOWS\system32\OLEAUT32.dll
[0922/013437:ERROR:process_reader_win.cc(233)] ReadMemory at 0x7ffe19950000 of 64 bytes failed: Only part of a ReadProcessMemory or WriteProcessMemory request was completed. (0x12B)
[0922/013437:WARNING:pe_image_reader.cc(281)] could not read dos header from C:\WINDOWS\SYSTEM32\IPHLPAPI.DLL
[0922/013437:ERROR:process_reader_win.cc(233)] ReadMemory at 0x7ffe22fe0000 of 64 bytes failed: Only part of a ReadProcessMemory or WriteProcessMemory request was completed. (0x12B)
[0922/013437:WARNING:pe_image_reader.cc(281)] could not read dos header from C:\WINDOWS\system32\WS2_32.dll
[0922/013437:ERROR:process_reader_win.cc(233)] ReadMemory at 0x7ffe15550000 of 64 bytes failed: Only part of a ReadProcessMemory or WriteProcessMemory request was completed. (0x12B)
[0922/013437:WARNING:pe_image_reader.cc(281)] could not read dos header from C:\WINDOWS\SYSTEM32\USP10.dll
[0922/013437:ERROR:process_reader_win.cc(233)] ReadMemory at 0x7ffe1fdb0000 of 64 bytes failed: Only part of a ReadProcessMemory or WriteProcessMemory request was completed. (0x12B)
[0922/013437:WARNING:pe_image_reader.cc(281)] could not read dos header from C:\WINDOWS\system32\MSASN1.dll
[0922/013437:ERROR:process_reader_win.cc(233)] ReadMemory at 0x7ffe20990000 of 64 bytes failed: Only part of a ReadProcessMemory or WriteProcessMemory request was completed. (0x12B)
[0922/013437:WARNING:pe_image_reader.cc(281)] could not read dos header from C:\WINDOWS\system32\CRYPT32.dll
[0922/013437:ERROR:process_reader_win.cc(233)] ReadMemory at 0x7ffe202e0000 of 64 bytes failed: Only part of a ReadProcessMemory or WriteProcessMemory request was completed. (0x12B)
[0922/013437:WARNING:pe_image_reader.cc(281)] could not read dos header from C:\WINDOWS\system32\WINTRUST.dll
[0922/013437:ERROR:process_reader_win.cc(233)] ReadMemory at 0x7ffe1e420000 of 64 bytes failed: Only part of a ReadProcessMemory or WriteProcessMemory request was completed. (0x12B)
[0922/013437:WARNING:pe_image_reader.cc(281)] could not read dos header from C:\WINDOWS\SYSTEM32\Secur32.dll
[0922/013437:ERROR:process_reader_win.cc(233)] ReadMemory at 0x7ffe1f740000 of 64 bytes failed: Only part of a ReadProcessMemory or WriteProcessMemory request was completed. (0x12B)
[0922/013437:WARNING:pe_image_reader.cc(281)] could not read dos header from C:\WINDOWS\SYSTEM32\SSPICLI.DLL
[0922/013437:ERROR:process_reader_win.cc(233)] ReadMemory at 0x7ffdedb00000 of 64 bytes failed: Only part of a ReadProcessMemory or WriteProcessMemory request was completed. (0x12B)
[0922/013437:WARNING:pe_image_reader.cc(281)] could not read dos header from C:\Program Files (x86)\Google\Chrome\Application\53.0.2785.116\chrome_child.dll
[0922/013437:ERROR:process_reader_win.cc(233)] ReadMemory at 0x7ffe11050000 of 64 bytes failed: Only part of a ReadProcessMemory or WriteProcessMemory request was completed. (0x12B)
[0922/013437:WARNING:pe_image_reader.cc(281)] could not read dos header from C:\WINDOWS\SYSTEM32\dwrite.dll
[0922/013437:ERROR:process_reader_win.cc(233)] ReadMemory at 0x7ff689fb0000 of 64 bytes failed: Only part of a ReadProcessMemory or WriteProcessMemory request was completed. (0x12B)
[0922/013437:WARNING:pe_image_reader.cc(281)] could not read dos header from C:\Program Files (x86)\Google\Chrome\Application\chrome.exe
[0922/013437:ERROR:process_reader_win.cc(233)] ReadMemory at 0x7ffe23760000 of 64 bytes failed: Only part of a ReadProcessMemory or WriteProcessMemory request was completed. (0x12B)
[0922/013437:WARNING:pe_image_reader.cc(281)] could not read dos header from C:\WINDOWS\SYSTEM32\ntdll.dll
[0922/013437:ERROR:process_reader_win.cc(233)] ReadMemory at 0x7ffe1fe60000 of 64 bytes failed: Only part of a ReadProcessMemory or WriteProcessMemory request was completed. (0x12B)
[0922/013437:WARNING:pe_image_reader.cc(281)] could not read dos header from C:\WINDOWS\system32\KERNELBASE.dll
[0922/013437:ERROR:process_reader_win.cc(233)] ReadMemory at 0x7ffe23480000 of 64 bytes failed: Only part of a ReadProcessMemory or WriteProcessMemory request was completed. (0x12B)
[0922/013437:WARNING:pe_image_reader.cc(281)] could not read dos header from C:\WINDOWS\system32\KERNEL32.DLL
[0922/013437:ERROR:process_reader_win.cc(233)] ReadMemory at 0x7ffe1dc10000 of 64 bytes failed: Only part of a ReadProcessMemory or WriteProcessMemory request was completed. (0x12B)
[0922/013437:WARNING:pe_image_reader.cc(281)] could not read dos header from C:\WINDOWS\system32\apphelp.dll
[0922/013437:ERROR:process_reader_win.cc(233)] ReadMemory at 0x7ffe20b60000 of 64 bytes failed: Only part of a ReadProcessMemory or WriteProcessMemory request was completed. (0x12B)
[0922/013437:WARNING:pe_image_reader.cc(281)] could not read dos header from C:\WINDOWS\system32\msvcrt.dll
[0922/013437:ERROR:process_reader_win.cc(233)] ReadMemory at 0x7ffe23640000 of 64 bytes failed: Only part of a ReadProcessMemory or WriteProcessMemory request was completed. (0x12B)
[0922/013437:WARNING:pe_image_reader.cc(281)] could not read dos header from C:\WINDOWS\system32\RPCRT4.dll
[0922/013437:ERROR:process_reader_win.cc(233)] ReadMemory at 0x7ffe221c0000 of 64 bytes failed: Only part of a ReadProcessMemory or WriteProcessMemory request was completed. (0x12B)
[0922/013437:WARNING:pe_image_reader.cc(281)] could not read dos header from C:\WINDOWS\system32\sechost.dll
[0922/013437:ERROR:process_reader_win.cc(233)] ReadMemory at 0x7ffe22220000 of 64 bytes failed: Only part of a ReadProcessMemory or WriteProcessMemory request was completed. (0x12B)
[0922/013437:WARNING:pe_image_reader.cc(281)] could not read dos header from C:\WINDOWS\system32\ADVAPI32.dll
[0922/013437:ERROR:process_reader_win.cc(233)] ReadMemory at 0x7ffe201b0000 of 64 bytes failed: Only part of a ReadProcessMemory or WriteProcessMemory request was completed. (0x12B)
[0922/013437:WARNING:pe_image_reader.cc(281)] could not read dos header from C:\WINDOWS\system32\bcryptPrimitives.dll
[0922/013437:ERROR:process_reader_win.cc(233)] ReadMemory at 0x7ffe1f510000 of 64 bytes failed: Only part of a ReadProcessMemory or WriteProcessMemory request was completed. (0x12B)
[0922/013437:WARNING:pe_image_reader.cc(281)] could not read dos header from C:\WINDOWS\SYSTEM32\CRYPTBASE.DLL
[0922/013437:ERROR:process_reader_win.cc(233)] ReadMemory at 0x7ffdfa3a0000 of 64 bytes failed: Only part of a ReadProcessMemory or WriteProcessMemory request was completed. (0x12B)
[0922/013437:WARNING:pe_image_reader.cc(281)] could not read dos header from C:\Program Files (x86)\Google\Chrome\Application\53.0.2785.116\chrome_elf.dll
[0922/013437:ERROR:process_reader_win.cc(233)] ReadMemory at 0x7ffe1e410000 of 64 bytes failed: Only part of a ReadProcessMemory or WriteProcessMemory request was completed. (0x12B)
[0922/013437:WARNING:pe_image_reader.cc(281)] could not read dos header from C:\WINDOWS\SYSTEM32\VERSION.dll
[0922/013437:ERROR:process_reader_win.cc(233)] ReadMemory at 0x7ffe1fe10000 of 64 bytes failed: Only part of a ReadProcessMemory or WriteProcessMemory request was completed. (0x12B)
[0922/013437:WARNING:pe_image_reader.cc(281)] could not read dos header from C:\WINDOWS\system32\cfgmgr32.dll
[0922/013437:ERROR:process_reader_win.cc(233)] ReadMemory at 0x7ffe1d450000 of 64 bytes failed: Only part of a ReadProcessMemory or WriteProcessMemory request was completed. (0x12B)
[0922/013437:WARNING:pe_image_reader.cc(281)] could not read dos header from C:\WINDOWS\SYSTEM32\WINMMBASE.dll
[0922/013437:ERROR:process_reader_win.cc(233)] ReadMemory at 0x7ffe22b20000 of 64 bytes failed: Only part of a ReadProcessMemory or WriteProcessMemory request was completed. (0x12B)
[0922/013437:WARNING:pe_image_reader.cc(281)] could not read dos header from C:\WINDOWS\system32\GDI32.dll
[0922/013437:ERROR:process_reader_win.cc(233)] ReadMemory at 0x7ffe22740000 of 64 bytes failed: Only part of a ReadProcessMemory or WriteProcessMemory request was completed. (0x12B)
[0922/013437:WARNING:pe_image_reader.cc(281)] could not read dos header from C:\WINDOWS\system32\USER32.dll
[0922/013437:ERROR:process_reader_win.cc(233)] ReadMemory at 0x7ffe22700000 of 64 bytes failed: Only part of a ReadProcessMemory or WriteProcessMemory request was completed. (0x12B)
[0922/013437:WARNING:pe_image_reader.cc(281)] could not read dos header from C:\WINDOWS\system32\IMM32.DLL
[0922/013437:ERROR:process_reader_win.cc(233)] ReadMemory at 0x7ffe1d4f0000 of 64 bytes failed: Only part of a ReadProcessMemory or WriteProcessMemory request was completed. (0x12B)
[0922/013437:WARNING:pe_image_reader.cc(281)] could not read dos header from C:\WINDOWS\SYSTEM32\WINMM.dll
[0922/013437:ERROR:process_reader_win.cc(233)] ReadMemory at 0x7ffe1fd80000 of 64 bytes failed: Only part of a ReadProcessMemory or WriteProcessMemory request was completed. (0x12B)
[0922/013437:WARNING:pe_image_reader.cc(281)] could not read dos header from C:\WINDOWS\system32\profapi.dll
[0922/013437:ERROR:process_reader_win.cc(233)] ReadMemory at 0x7ffe1f1d0000 of 64 bytes failed: Only part of a ReadProcessMemory or WriteProcessMemory request was completed. (0x12B)
[0922/013437:WARNING:pe_image_reader.cc(281)] could not read dos header from C:\WINDOWS\SYSTEM32\USERENV.dll
[0922/013437:ERROR:process_reader_win.cc(233)] ReadMemory at 0x7ffe1dc90000 of 64 bytes failed: Only part of a ReadProcessMemory or WriteProcessMemory request was completed. (0x12B)
[0922/013437:WARNING:pe_image_reader.cc(281)] could not read dos header from C:\WINDOWS\SYSTEM32\WTSAPI32.dll
[0922/013437:ERROR:process_reader_win.cc(233)] ReadMemory at 0x7ffe12d20000 of 64 bytes failed: Only part of a ReadProcessMemory or WriteProcessMemory request was completed. (0x12B)
[0922/013437:WARNING:pe_image_reader.cc(281)] could not read dos header from C:\WINDOWS\SYSTEM32\WINHTTP.dll
[0922/013437:ERROR:process_reader_win.cc(233)] ReadMemory at 0x7ffe228a0000 of 64 bytes failed: Only part of a ReadProcessMemory or WriteProcessMemory request was completed. (0x12B)
[0922/013437:WARNING:pe_image_reader.cc(281)] could not read dos header from C:\WINDOWS\system32\combase.dll
[0922/013437:ERROR:process_reader_win.cc(233)] ReadMemory at 0x7ffe230c0000 of 64 bytes failed: Only part of a ReadProcessMemory or WriteProcessMemory request was completed. (0x12B)
[0922/013437:WARNING:pe_image_reader.cc(281)] could not read dos header from C:\WINDOWS\system32\shlwapi.dll
[0922/013437:ERROR:process_reader_win.cc(233)] ReadMemory at 0x7ffe1fda0000 of 64 bytes failed: Only part of a ReadProcessMemory or WriteProcessMemory request was completed. (0x12B)
[0922/013437:WARNING:pe_image_reader.cc(281)] could not read dos header from C:\WINDOWS\system32\kernel.appcore.dll
[0922/013437:ERROR:process_reader_win.cc(233)] ReadMemory at 0x7ffe20220000 of 64 bytes failed: Only part of a ReadProcessMemory or WriteProcessMemory request was completed. (0x12B)
[0922/013437:WARNING:pe_image_reader.cc(281)] could not read dos header from C:\WINDOWS\system32\shcore.dll
[0922/013437:ERROR:process_reader_win.cc(233)] ReadMemory at 0x7ffe1fdc0000 of 64 bytes failed: Only part of a ReadProcessMemory or WriteProcessMemory request was completed. (0x12B)
[0922/013437:WARNING:pe_image_reader.cc(281)] could not read dos header from C:\WINDOWS\system32\powrprof.dll
[0922/013437:ERROR:process_reader_win.cc(233)] ReadMemory at 0x7ffe20340000 of 64 bytes failed: Only part of a ReadProcessMemory or WriteProcessMemory request was completed. (0x12B)
[0922/013437:WARNING:pe_image_reader.cc(281)] could not read dos header from C:\WINDOWS\system32\windows.storage.dll
[0922/013437:ERROR:process_reader_win.cc(233)] ReadMemory at 0x7ffe20c60000 of 64 bytes failed: Only part of a ReadProcessMemory or WriteProcessMemory request was completed. (0x12B)
[0922/013437:WARNING:pe_image_reader.cc(281)] could not read dos header from C:\WINDOWS\system32\SHELL32.dll
[0922/013437:ERROR:process_reader_win.cc(233)] ReadMemory at 0x7ffe23450000 of 64 bytes failed: Only part of a ReadProcessMemory or WriteProcessMemory request was completed. (0x12B)
[0922/013437:WARNING:pe_image_reader.cc(281)] could not read dos header from C:\WINDOWS\system32\PSAPI.DLL
[0922/013437:ERROR:process_reader_win.cc(233)] ReadMemory at 0x7ffe1fc10000 of 64 bytes failed: Only part of a ReadProcessMemory or WriteProcessMemory request was completed. (0x12B)
[0922/013437:WARNING:pe_image_reader.cc(281)] could not read dos header from C:\WINDOWS\SYSTEM32\bcrypt.dll
[0922/013437:ERROR:process_reader_win.cc(233)] ReadMemory at 0x7ffe19d70000 of 64 bytes failed: Only part of a ReadProcessMemory or WriteProcessMemory request was completed. (0x12B)
[0922/013437:WARNING:pe_image_reader.cc(281)] could not read dos header from C:\WINDOWS\SYSTEM32\WINSPOOL.DRV
[0922/013437:ERROR:process_reader_win.cc(233)] ReadMemory at 0x7ffe1abc0000 of 64 bytes failed: Only part of a ReadProcessMemory or WriteProcessMemory request was completed. (0x12B)
[0922/013437:WARNING:pe_image_reader.cc(281)] could not read dos header from C:\WINDOWS\WinSxS\amd64_microsoft.windows.common-controls_6595b64144ccf1df_6.0.10586.589_none_a2ddb3caa539acce\COMCTL32.dll
[0922/013437:ERROR:process_reader_win.cc(233)] ReadMemory at 0x7ffe20050000 of 64 bytes failed: Only part of a ReadProcessMemory or WriteProcessMemory request was completed. (0x12B)
[0922/013437:WARNING:pe_image_reader.cc(281)] could not read dos header from C:\WINDOWS\system32\FirewallAPI.dll
[0922/013437:ERROR:process_reader_win.cc(233)] ReadMemory at 0x7ffe1e190000 of 64 bytes failed: Only part of a ReadProcessMemory or WriteProcessMemory request was completed. (0x12B)
[0922/013437:WARNING:pe_image_reader.cc(281)] could not read dos header from C:\WINDOWS\system32\fwbase.dll
[0922/013437:ERROR:process_reader_win.cc(233)] ReadMemory at 0x7ffe20190000 of 64 bytes failed: Only part of a ReadProcessMemory or WriteProcessMemory request was completed. (0x12B)
[0922/013437:WARNING:pe_image_reader.cc(281)] could not read dos header from C:\WINDOWS\system32\NETAPI32.dll
[0922/013437:ERROR:process_reader_win.cc(233)] ReadMemory at 0x7ffe19e70000 of 64 bytes failed: Only part of a ReadProcessMemory or WriteProcessMemory request was completed. (0x12B)
[0922/013437:WARNING:pe_image_reader.cc(281)] could not read dos header from C:\WINDOWS\SYSTEM32\DAVHLPR.DLL
[0922/013437:ERROR:process_reader_win.cc(233)] ReadMemory at 0x7ffe23340000 of 64 bytes failed: Only part of a ReadProcessMemory or WriteProcessMemory request was completed. (0x12B)
[0922/013437:WARNING:pe_image_reader.cc(281)] could not read dos header from C:\WINDOWS\system32\COMDLG32.dll
[0922/013437:ERROR:process_reader_win.cc(233)] ReadMemory at 0x7ffe23120000 of 64 bytes failed: Only part of a ReadProcessMemory or WriteProcessMemory request was completed. (0x12B)
[0922/013437:WARNING:pe_image_reader.cc(281)] could not read dos header from C:\WINDOWS\system32\ole32.dll
[0922/013437:ERROR:process_reader_win.cc(233)] ReadMemory at 0x7ffe23270000 of 64 bytes failed: Only part of a ReadProcessMemory or WriteProcessMemory request was completed. (0x12B)
[0922/013437:WARNING:pe_image_reader.cc(281)] could not read dos header from C:\WINDOWS\system32\OLEAUT32.dll
[0922/013437:ERROR:process_reader_win.cc(233)] ReadMemory at 0x7ffe19950000 of 64 bytes failed: Only part of a ReadProcessMemory or WriteProcessMemory request was completed. (0x12B)
[0922/013437:WARNING:pe_image_reader.cc(281)] could not read dos header from C:\WINDOWS\SYSTEM32\IPHLPAPI.DLL
[0922/013437:ERROR:process_reader_win.cc(233)] ReadMemory at 0x7ffe22fe0000 of 64 bytes failed: Only part of a ReadProcessMemory or WriteProcessMemory request was completed. (0x12B)
[0922/013437:WARNING:pe_image_reader.cc(281)] could not read dos header from C:\WINDOWS\system32\WS2_32.dll
[0922/013437:ERROR:process_reader_win.cc(233)] ReadMemory at 0x7ffe15550000 of 64 bytes failed: Only part of a ReadProcessMemory or WriteProcessMemory request was completed. (0x12B)
[0922/013437:WARNING:pe_image_reader.cc(281)] could not read dos header from C:\WINDOWS\SYSTEM32\USP10.dll
[0922/013437:ERROR:process_reader_win.cc(233)] ReadMemory at 0x7ffe1fdb0000 of 64 bytes failed: Only part of a ReadProcessMemory or WriteProcessMemory request was completed. (0x12B)
[0922/013437:WARNING:pe_image_reader.cc(281)] could not read dos header from C:\WINDOWS\system32\MSASN1.dll
[0922/013437:ERROR:process_reader_win.cc(233)] ReadMemory at 0x7ffe20990000 of 64 bytes failed: Only part of a ReadProcessMemory or WriteProcessMemory request was completed. (0x12B)
[0922/013437:WARNING:pe_image_reader.cc(281)] could not read dos header from C:\WINDOWS\system32\CRYPT32.dll
[0922/013437:ERROR:process_reader_win.cc(233)] ReadMemory at 0x7ffe202e0000 of 64 bytes failed: Only part of a ReadProcessMemory or WriteProcessMemory request was completed. (0x12B)
[0922/013437:WARNING:pe_image_reader.cc(281)] could not read dos header from C:\WINDOWS\system32\WINTRUST.dll
[0922/013437:ERROR:process_reader_win.cc(233)] ReadMemory at 0x7ffe1e420000 of 64 bytes failed: Only part of a ReadProcessMemory or WriteProcessMemory request was completed. (0x12B)
[0922/013437:WARNING:pe_image_reader.cc(281)] could not read dos header from C:\WINDOWS\SYSTEM32\Secur32.dll
[0922/013437:ERROR:process_reader_win.cc(233)] ReadMemory at 0x7ffe1f740000 of 64 bytes failed: Only part of a ReadProcessMemory or WriteProcessMemory request was completed. (0x12B)
[0922/013437:WARNING:pe_image_reader.cc(281)] could not read dos header from C:\WINDOWS\SYSTEM32\SSPICLI.DLL
[0922/013437:ERROR:process_reader_win.cc(233)] ReadMemory at 0x7ffdedb00000 of 64 bytes failed: Only part of a ReadProcessMemory or WriteProcessMemory request was completed. (0x12B)
[0922/013437:WARNING:pe_image_reader.cc(281)] could not read dos header from C:\Program Files (x86)\Google\Chrome\Application\53.0.2785.116\chrome_child.dll
[0922/013437:ERROR:process_reader_win.cc(233)] ReadMemory at 0x7ffe11050000 of 64 bytes failed: Only part of a ReadProcessMemory or WriteProcessMemory request was completed. (0x12B)
[0922/013437:WARNING:pe_image_reader.cc(281)] could not read dos header from C:\WINDOWS\SYSTEM32\dwrite.dll
[0922/013437:ERROR:process_reader_win.cc(233)] ReadMemory at 0x9d37bbf000 of 69632 bytes failed: Only part of a ReadProcessMemory or WriteProcessMemory request was completed. (0x12B)
[0922/013437:ERROR:crash_report_exception_handler.cc(98)] WriteEverything failed
[0922/013437:ERROR:scoped_process_suspend.cc(38)] NtResumeProcess: An attempt was made to access an exiting process.  (0xc000010a)
